time=2023-02-02_14:59:51 op=NEW                        
time=2023-02-02_16:04:54 op=ADD_CLIENT_LOCK             client=com.apple.triald         count=0001 asset=30810ab7f642d86232a828b37b6534f1c99599f1 selector=Trial.Siri.SiriTextToSpeech|com.apple.siri.tts.catalog.resource-generic-generic|110.0.0.11.1939,0
time=2023-02-02_16:05:03 op=ADD_CLIENT_LOCK             client=com.apple.triald         count=0001 asset=7717074531d6ee11e6e9e8557614f0d7ff8c34da selector=Trial.Siri.SiriTextToSpeech|com.apple.siri.tts.catalog.voice-generic-generic|112.0.0.11.1613,0
time=2023-02-02_16:05:03 op=MOD_CLIENT_LOCK_INHIBITED   client=com.apple.triald         count=0002 asset=7717074531d6ee11e6e9e8557614f0d7ff8c34da selector=Trial.Siri.SiriTextToSpeech|com.apple.siri.tts.catalog.voice-generic-generic|112.0.0.11.1613,0
time=2023-02-02_16:05:03 op=MOD_CLIENT_LOCK_INHIBITED   client=com.apple.triald         count=0001 asset=7717074531d6ee11e6e9e8557614f0d7ff8c34da selector=Trial.Siri.SiriTextToSpeech|com.apple.siri.tts.catalog.voice-generic-generic|112.0.0.11.1613,0
time=2023-02-02_16:05:03 op=MOD_CLIENT_LOCK_INHIBITED   client=com.apple.triald         count=0002 asset=30810ab7f642d86232a828b37b6534f1c99599f1 selector=Trial.Siri.SiriTextToSpeech|com.apple.siri.tts.catalog.resource-generic-generic|110.0.0.11.1939,0
time=2023-02-02_16:05:03 op=MOD_CLIENT_LOCK_INHIBITED   client=com.apple.triald         count=0001 asset=30810ab7f642d86232a828b37b6534f1c99599f1 selector=Trial.Siri.SiriTextToSpeech|com.apple.siri.tts.catalog.resource-generic-generic|110.0.0.11.1939,0
time=2023-02-02_16:05:03 op=MOD_CLIENT_LOCK_INHIBITED   client=com.apple.triald         count=0002 asset=7717074531d6ee11e6e9e8557614f0d7ff8c34da selector=Trial.Siri.SiriTextToSpeech|com.apple.siri.tts.catalog.voice-generic-generic|112.0.0.11.1613,0
time=2023-02-02_16:05:03 op=MOD_CLIENT_LOCK_INHIBITED   client=com.apple.triald         count=0002 asset=30810ab7f642d86232a828b37b6534f1c99599f1 selector=Trial.Siri.SiriTextToSpeech|com.apple.siri.tts.catalog.resource-generic-generic|110.0.0.11.1939,0
time=2023-02-02_16:05:04 op=MOD_CLIENT_LOCK_INHIBITED   client=com.apple.triald         count=0003 asset=7717074531d6ee11e6e9e8557614f0d7ff8c34da selector=Trial.Siri.SiriTextToSpeech|com.apple.siri.tts.catalog.voice-generic-generic|112.0.0.11.1613,0
time=2023-02-02_16:05:04 op=MOD_CLIENT_LOCK_INHIBITED   client=com.apple.triald         count=0003 asset=30810ab7f642d86232a828b37b6534f1c99599f1 selector=Trial.Siri.SiriTextToSpeech|com.apple.siri.tts.catalog.resource-generic-generic|110.0.0.11.1939,0
time=2023-02-02_16:05:04 op=MOD_CLIENT_LOCK_INHIBITED   client=com.apple.triald         count=0002 asset=30810ab7f642d86232a828b37b6534f1c99599f1 selector=Trial.Siri.SiriTextToSpeech|com.apple.siri.tts.catalog.resource-generic-generic|110.0.0.11.1939,0
time=2023-02-02_16:05:04 op=MOD_CLIENT_LOCK_INHIBITED   client=com.apple.triald         count=0002 asset=7717074531d6ee11e6e9e8557614f0d7ff8c34da selector=Trial.Siri.SiriTextToSpeech|com.apple.siri.tts.catalog.voice-generic-generic|112.0.0.11.1613,0
time=2023-02-02_16:27:52 op=ADD_CLIENT_LOCK             client=com.apple.triald         count=0001 asset=8a4d9e55db1d37935cbdabb5d823864631caed97 selector=Trial.Siri.SiriTextToSpeech|com.apple.siri.tts.voice.en_US.quinn.neural.premium-en_US-iPhone|1136.0.0.11.976,0
time=2023-02-02_16:27:52 op=MOD_CLIENT_LOCK_INHIBITED   client=com.apple.triald         count=0002 asset=8a4d9e55db1d37935cbdabb5d823864631caed97 selector=Trial.Siri.SiriTextToSpeech|com.apple.siri.tts.voice.en_US.quinn.neural.premium-en_US-iPhone|1136.0.0.11.976,0
time=2023-02-02_16:27:52 op=MOD_CLIENT_LOCK_INHIBITED   client=com.apple.triald         count=0001 asset=8a4d9e55db1d37935cbdabb5d823864631caed97 selector=Trial.Siri.SiriTextToSpeech|com.apple.siri.tts.voice.en_US.quinn.neural.premium-en_US-iPhone|1136.0.0.11.976,0
time=2023-02-02_16:27:52 op=MOD_CLIENT_LOCK_INHIBITED   client=com.apple.triald         count=0002 asset=8a4d9e55db1d37935cbdabb5d823864631caed97 selector=Trial.Siri.SiriTextToSpeech|com.apple.siri.tts.voice.en_US.quinn.neural.premium-en_US-iPhone|1136.0.0.11.976,0
time=2023-02-02_16:27:52 op=MOD_CLIENT_LOCK_INHIBITED   client=com.apple.triald         count=0003 asset=7717074531d6ee11e6e9e8557614f0d7ff8c34da selector=Trial.Siri.SiriTextToSpeech|com.apple.siri.tts.catalog.voice-generic-generic|112.0.0.11.1613,0
time=2023-02-02_16:27:52 op=MOD_CLIENT_LOCK_INHIBITED   client=com.apple.triald         count=0003 asset=30810ab7f642d86232a828b37b6534f1c99599f1 selector=Trial.Siri.SiriTextToSpeech|com.apple.siri.tts.catalog.resource-generic-generic|110.0.0.11.1939,0
time=2023-02-02_16:27:52 op=MOD_CLIENT_LOCK_INHIBITED   client=com.apple.triald         count=0003 asset=8a4d9e55db1d37935cbdabb5d823864631caed97 selector=Trial.Siri.SiriTextToSpeech|com.apple.siri.tts.voice.en_US.quinn.neural.premium-en_US-iPhone|1136.0.0.11.976,0
time=2023-02-02_16:27:52 op=MOD_CLIENT_LOCK_INHIBITED   client=com.apple.triald         count=0002 asset=8a4d9e55db1d37935cbdabb5d823864631caed97 selector=Trial.Siri.SiriTextToSpeech|com.apple.siri.tts.voice.en_US.quinn.neural.premium-en_US-iPhone|1136.0.0.11.976,0
time=2023-02-02_16:27:52 op=MOD_CLIENT_LOCK_INHIBITED   client=com.apple.triald         count=0002 asset=30810ab7f642d86232a828b37b6534f1c99599f1 selector=Trial.Siri.SiriTextToSpeech|com.apple.siri.tts.catalog.resource-generic-generic|110.0.0.11.1939,0
time=2023-02-02_16:27:52 op=MOD_CLIENT_LOCK_INHIBITED   client=com.apple.triald         count=0002 asset=7717074531d6ee11e6e9e8557614f0d7ff8c34da selector=Trial.Siri.SiriTextToSpeech|com.apple.siri.tts.catalog.voice-generic-generic|112.0.0.11.1613,0
time=2023-02-02_16:27:52 op=MOD_CLIENT_LOCK_INHIBITED   client=com.apple.triald         count=0003 asset=8a4d9e55db1d37935cbdabb5d823864631caed97 selector=Trial.Siri.SiriTextToSpeech|com.apple.siri.tts.voice.en_US.quinn.neural.premium-en_US-iPhone|1136.0.0.11.976,0
time=2023-02-02_16:27:52 op=MOD_CLIENT_LOCK_INHIBITED   client=com.apple.triald         count=0002 asset=8a4d9e55db1d37935cbdabb5d823864631caed97 selector=Trial.Siri.SiriTextToSpeech|com.apple.siri.tts.voice.en_US.quinn.neural.premium-en_US-iPhone|1136.0.0.11.976,0
time=2023-02-02_16:28:25 op=ADD_CLIENT_LOCK             client=com.apple.triald         count=0001 asset=f403838119736df87b034b8a0c3b474fceea8c3a selector=Trial.Siri.SiriTextToSpeech|com.apple.siri.tts.voice.en_US.aaron.neural.premium-en_US-iPhone|1288.0.0.11.896,0
time=2023-02-02_16:28:33 op=MOD_CLIENT_LOCK_INHIBITED   client=com.apple.triald         count=0002 asset=f403838119736df87b034b8a0c3b474fceea8c3a selector=Trial.Siri.SiriTextToSpeech|com.apple.siri.tts.voice.en_US.aaron.neural.premium-en_US-iPhone|1288.0.0.11.896,0
time=2023-02-02_16:28:33 op=MOD_CLIENT_LOCK_INHIBITED   client=com.apple.triald         count=0001 asset=f403838119736df87b034b8a0c3b474fceea8c3a selector=Trial.Siri.SiriTextToSpeech|com.apple.siri.tts.voice.en_US.aaron.neural.premium-en_US-iPhone|1288.0.0.11.896,0
time=2023-02-02_16:28:35 op=MOD_CLIENT_LOCK_INHIBITED   client=com.apple.triald         count=0002 asset=f403838119736df87b034b8a0c3b474fceea8c3a selector=Trial.Siri.SiriTextToSpeech|com.apple.siri.tts.voice.en_US.aaron.neural.premium-en_US-iPhone|1288.0.0.11.896,0
time=2023-02-02_16:28:36 op=MOD_CLIENT_LOCK_INHIBITED   client=com.apple.triald         count=0003 asset=f403838119736df87b034b8a0c3b474fceea8c3a selector=Trial.Siri.SiriTextToSpeech|com.apple.siri.tts.voice.en_US.aaron.neural.premium-en_US-iPhone|1288.0.0.11.896,0
time=2023-02-02_16:28:36 op=MOD_CLIENT_LOCK_INHIBITED   client=com.apple.triald         count=0003 asset=7717074531d6ee11e6e9e8557614f0d7ff8c34da selector=Trial.Siri.SiriTextToSpeech|com.apple.siri.tts.catalog.voice-generic-generic|112.0.0.11.1613,0
time=2023-02-02_16:28:37 op=MOD_CLIENT_LOCK_INHIBITED   client=com.apple.triald         count=0003 asset=30810ab7f642d86232a828b37b6534f1c99599f1 selector=Trial.Siri.SiriTextToSpeech|com.apple.siri.tts.catalog.resource-generic-generic|110.0.0.11.1939,0
time=2023-02-02_16:28:37 op=MOD_CLIENT_LOCK_INHIBITED   client=com.apple.triald         count=0003 asset=8a4d9e55db1d37935cbdabb5d823864631caed97 selector=Trial.Siri.SiriTextToSpeech|com.apple.siri.tts.voice.en_US.quinn.neural.premium-en_US-iPhone|1136.0.0.11.976,0
time=2023-02-02_16:28:37 op=MOD_CLIENT_LOCK_INHIBITED   client=com.apple.triald         count=0002 asset=8a4d9e55db1d37935cbdabb5d823864631caed97 selector=Trial.Siri.SiriTextToSpeech|com.apple.siri.tts.voice.en_US.quinn.neural.premium-en_US-iPhone|1136.0.0.11.976,0
time=2023-02-02_16:28:37 op=MOD_CLIENT_LOCK_INHIBITED   client=com.apple.triald         count=0002 asset=7717074531d6ee11e6e9e8557614f0d7ff8c34da selector=Trial.Siri.SiriTextToSpeech|com.apple.siri.tts.catalog.voice-generic-generic|112.0.0.11.1613,0
time=2023-02-02_16:28:37 op=MOD_CLIENT_LOCK_INHIBITED   client=com.apple.triald         count=0002 asset=30810ab7f642d86232a828b37b6534f1c99599f1 selector=Trial.Siri.SiriTextToSpeech|com.apple.siri.tts.catalog.resource-generic-generic|110.0.0.11.1939,0
time=2023-02-02_16:28:37 op=MOD_CLIENT_LOCK_INHIBITED   client=com.apple.triald         count=0002 asset=f403838119736df87b034b8a0c3b474fceea8c3a selector=Trial.Siri.SiriTextToSpeech|com.apple.siri.tts.voice.en_US.aaron.neural.premium-en_US-iPhone|1288.0.0.11.896,0
time=2023-02-02_16:28:37 op=MOD_CLIENT_LOCK_INHIBITED   client=com.apple.triald         count=0003 asset=f403838119736df87b034b8a0c3b474fceea8c3a selector=Trial.Siri.SiriTextToSpeech|com.apple.siri.tts.voice.en_US.aaron.neural.premium-en_US-iPhone|1288.0.0.11.896,0
time=2023-02-02_16:28:37 op=MOD_CLIENT_LOCK_INHIBITED   client=com.apple.triald         count=0002 asset=f403838119736df87b034b8a0c3b474fceea8c3a selector=Trial.Siri.SiriTextToSpeech|com.apple.siri.tts.voice.en_US.aaron.neural.premium-en_US-iPhone|1288.0.0.11.896,0
time=2023-02-02_16:28:37 op=MOD_CLIENT_LOCK_INHIBITED   client=com.apple.triald         count=0003 asset=8a4d9e55db1d37935cbdabb5d823864631caed97 selector=Trial.Siri.SiriTextToSpeech|com.apple.siri.tts.voice.en_US.quinn.neural.premium-en_US-iPhone|1136.0.0.11.976,0
time=2023-02-02_16:28:37 op=MOD_CLIENT_LOCK_INHIBITED   client=com.apple.triald         count=0002 asset=8a4d9e55db1d37935cbdabb5d823864631caed97 selector=Trial.Siri.SiriTextToSpeech|com.apple.siri.tts.voice.en_US.quinn.neural.premium-en_US-iPhone|1136.0.0.11.976,0
time=2023-02-02_16:28:42 op=ADD_CLIENT_LOCK             client=com.apple.triald         count=0001 asset=c5ddc63176366f99d2aa3d8c33d30d13b9edeaa0 selector=Trial.Siri.SiriTextToSpeech|com.apple.siri.tts.resource.en_US-en_US-generic|379.0.0.11.1939,0
time=2023-02-02_16:28:43 op=MOD_CLIENT_LOCK_INHIBITED   client=com.apple.triald         count=0002 asset=c5ddc63176366f99d2aa3d8c33d30d13b9edeaa0 selector=Trial.Siri.SiriTextToSpeech|com.apple.siri.tts.resource.en_US-en_US-generic|379.0.0.11.1939,0
time=2023-02-02_16:28:44 op=MOD_CLIENT_LOCK_INHIBITED   client=com.apple.triald         count=0001 asset=c5ddc63176366f99d2aa3d8c33d30d13b9edeaa0 selector=Trial.Siri.SiriTextToSpeech|com.apple.siri.tts.resource.en_US-en_US-generic|379.0.0.11.1939,0
time=2023-02-02_16:28:44 op=MOD_CLIENT_LOCK_INHIBITED   client=com.apple.triald         count=0002 asset=c5ddc63176366f99d2aa3d8c33d30d13b9edeaa0 selector=Trial.Siri.SiriTextToSpeech|com.apple.siri.tts.resource.en_US-en_US-generic|379.0.0.11.1939,0
time=2023-02-16_21:09:39 op=MOD_CLIENT_LOCK_INHIBITED   client=com.apple.triald         count=0003 asset=UNKNOWN                                  selector=Trial.Siri.SiriTextToSpeech|com.apple.siri.tts.voice.en_US.aaron.neural.premium-en_US-iPhone|1288.0.0.11.896,0
time=2023-02-16_21:09:40 op=MOD_CLIENT_LOCK_INHIBITED   client=com.apple.triald         count=0003 asset=UNKNOWN                                  selector=Trial.Siri.SiriTextToSpeech|com.apple.siri.tts.resource.en_US-en_US-generic|379.0.0.11.1939,0
time=2023-02-16_21:09:40 op=MOD_CLIENT_LOCK_INHIBITED   client=com.apple.triald         count=0003 asset=UNKNOWN                                  selector=Trial.Siri.SiriTextToSpeech|com.apple.siri.tts.catalog.voice-generic-generic|112.0.0.11.1613,0
time=2023-02-16_21:09:40 op=MOD_CLIENT_LOCK_INHIBITED   client=com.apple.triald         count=0003 asset=UNKNOWN                                  selector=Trial.Siri.SiriTextToSpeech|com.apple.siri.tts.catalog.resource-generic-generic|110.0.0.11.1939,0
time=2023-02-16_21:09:40 op=MOD_CLIENT_LOCK_INHIBITED   client=com.apple.triald         count=0003 asset=UNKNOWN                                  selector=Trial.Siri.SiriTextToSpeech|com.apple.siri.tts.voice.en_US.quinn.neural.premium-en_US-iPhone|1136.0.0.11.976,0
time=2023-02-16_21:09:41 op=MOD_CLIENT_LOCK_INHIBITED   client=com.apple.triald         count=0002 asset=UNKNOWN                                  selector=Trial.Siri.SiriTextToSpeech|com.apple.siri.tts.resource.en_US-en_US-generic|379.0.0.11.1939,0
time=2023-02-16_21:09:41 op=MOD_CLIENT_LOCK_INHIBITED   client=com.apple.triald         count=0002 asset=UNKNOWN                                  selector=Trial.Siri.SiriTextToSpeech|com.apple.siri.tts.catalog.voice-generic-generic|112.0.0.11.1613,0
time=2023-02-16_21:09:41 op=MOD_CLIENT_LOCK_INHIBITED   client=com.apple.triald         count=0002 asset=UNKNOWN                                  selector=Trial.Siri.SiriTextToSpeech|com.apple.siri.tts.catalog.resource-generic-generic|110.0.0.11.1939,0
time=2023-02-16_21:09:41 op=MOD_CLIENT_LOCK_INHIBITED   client=com.apple.triald         count=0002 asset=UNKNOWN                                  selector=Trial.Siri.SiriTextToSpeech|com.apple.siri.tts.voice.en_US.aaron.neural.premium-en_US-iPhone|1288.0.0.11.896,0
time=2023-02-16_21:09:41 op=MOD_CLIENT_LOCK_INHIBITED   client=com.apple.triald         count=0002 asset=UNKNOWN                                  selector=Trial.Siri.SiriTextToSpeech|com.apple.siri.tts.voice.en_US.quinn.neural.premium-en_US-iPhone|1136.0.0.11.976,0
time=2023-02-16_21:09:41 op=MOD_CLIENT_LOCK_INHIBITED   client=com.apple.triald         count=0003 asset=UNKNOWN                                  selector=Trial.Siri.SiriTextToSpeech|com.apple.siri.tts.voice.en_US.aaron.neural.premium-en_US-iPhone|1288.0.0.11.896,0
time=2023-02-16_21:09:41 op=MOD_CLIENT_LOCK_INHIBITED   client=com.apple.triald         count=0002 asset=UNKNOWN                                  selector=Trial.Siri.SiriTextToSpeech|com.apple.siri.tts.voice.en_US.aaron.neural.premium-en_US-iPhone|1288.0.0.11.896,0
time=2023-02-16_21:09:42 op=MOD_CLIENT_LOCK_INHIBITED   client=com.apple.triald         count=0003 asset=UNKNOWN                                  selector=Trial.Siri.SiriTextToSpeech|com.apple.siri.tts.resource.en_US-en_US-generic|379.0.0.11.1939,0
time=2023-02-16_21:09:42 op=MOD_CLIENT_LOCK_INHIBITED   client=com.apple.triald         count=0002 asset=UNKNOWN                                  selector=Trial.Siri.SiriTextToSpeech|com.apple.siri.tts.resource.en_US-en_US-generic|379.0.0.11.1939,0
time=2023-02-16_21:09:42 op=MOD_CLIENT_LOCK_INHIBITED   client=com.apple.triald         count=0003 asset=UNKNOWN                                  selector=Trial.Siri.SiriTextToSpeech|com.apple.siri.tts.voice.en_US.quinn.neural.premium-en_US-iPhone|1136.0.0.11.976,0
time=2023-02-16_21:09:43 op=MOD_CLIENT_LOCK_INHIBITED   client=com.apple.triald         count=0002 asset=UNKNOWN                                  selector=Trial.Siri.SiriTextToSpeech|com.apple.siri.tts.voice.en_US.quinn.neural.premium-en_US-iPhone|1136.0.0.11.976,0
time=2023-02-16_21:09:58 op=ADD_CLIENT_LOCK             client=com.apple.triald         count=0001 asset=4d9f8d17181ac2182d5c21096f2a594a89102231 selector=Trial.Siri.SiriTextToSpeech|com.apple.siri.tts.voice.en_GB.martha.neural.premium-en_GB-iPhone|1144.0.0.11.712,0
time=2023-02-16_21:09:58 op=MOD_CLIENT_LOCK_INHIBITED   client=com.apple.triald         count=0002 asset=4d9f8d17181ac2182d5c21096f2a594a89102231 selector=Trial.Siri.SiriTextToSpeech|com.apple.siri.tts.voice.en_GB.martha.neural.premium-en_GB-iPhone|1144.0.0.11.712,0
time=2023-02-16_21:09:58 op=MOD_CLIENT_LOCK_INHIBITED   client=com.apple.triald         count=0001 asset=4d9f8d17181ac2182d5c21096f2a594a89102231 selector=Trial.Siri.SiriTextToSpeech|com.apple.siri.tts.voice.en_GB.martha.neural.premium-en_GB-iPhone|1144.0.0.11.712,0
time=2023-02-16_21:09:58 op=MOD_CLIENT_LOCK_INHIBITED   client=com.apple.triald         count=0002 asset=4d9f8d17181ac2182d5c21096f2a594a89102231 selector=Trial.Siri.SiriTextToSpeech|com.apple.siri.tts.voice.en_GB.martha.neural.premium-en_GB-iPhone|1144.0.0.11.712,0
time=2023-02-16_21:09:58 op=MOD_CLIENT_LOCK_INHIBITED   client=com.apple.triald         count=0003 asset=4d9f8d17181ac2182d5c21096f2a594a89102231 selector=Trial.Siri.SiriTextToSpeech|com.apple.siri.tts.voice.en_GB.martha.neural.premium-en_GB-iPhone|1144.0.0.11.712,0
time=2023-02-16_21:09:58 op=MOD_CLIENT_LOCK_INHIBITED   client=com.apple.triald         count=0003 asset=UNKNOWN                                  selector=Trial.Siri.SiriTextToSpeech|com.apple.siri.tts.voice.en_US.aaron.neural.premium-en_US-iPhone|1288.0.0.11.896,0
time=2023-02-16_21:09:59 op=MOD_CLIENT_LOCK_INHIBITED   client=com.apple.triald         count=0003 asset=UNKNOWN                                  selector=Trial.Siri.SiriTextToSpeech|com.apple.siri.tts.resource.en_US-en_US-generic|379.0.0.11.1939,0
time=2023-02-16_21:09:59 op=MOD_CLIENT_LOCK_INHIBITED   client=com.apple.triald         count=0003 asset=UNKNOWN                                  selector=Trial.Siri.SiriTextToSpeech|com.apple.siri.tts.catalog.voice-generic-generic|112.0.0.11.1613,0
time=2023-02-16_21:09:59 op=MOD_CLIENT_LOCK_INHIBITED   client=com.apple.triald         count=0003 asset=UNKNOWN                                  selector=Trial.Siri.SiriTextToSpeech|com.apple.siri.tts.catalog.resource-generic-generic|110.0.0.11.1939,0
time=2023-02-16_21:09:59 op=MOD_CLIENT_LOCK_INHIBITED   client=com.apple.triald         count=0003 asset=UNKNOWN                                  selector=Trial.Siri.SiriTextToSpeech|com.apple.siri.tts.voice.en_US.quinn.neural.premium-en_US-iPhone|1136.0.0.11.976,0
time=2023-02-16_21:09:59 op=MOD_CLIENT_LOCK_INHIBITED   client=com.apple.triald         count=0002 asset=UNKNOWN                                  selector=Trial.Siri.SiriTextToSpeech|com.apple.siri.tts.resource.en_US-en_US-generic|379.0.0.11.1939,0
time=2023-02-16_21:09:59 op=MOD_CLIENT_LOCK_INHIBITED   client=com.apple.triald         count=0002 asset=UNKNOWN                                  selector=Trial.Siri.SiriTextToSpeech|com.apple.siri.tts.catalog.voice-generic-generic|112.0.0.11.1613,0
time=2023-02-16_21:09:59 op=MOD_CLIENT_LOCK_INHIBITED   client=com.apple.triald         count=0002 asset=UNKNOWN                                  selector=Trial.Siri.SiriTextToSpeech|com.apple.siri.tts.catalog.resource-generic-generic|110.0.0.11.1939,0
time=2023-02-16_21:09:59 op=MOD_CLIENT_LOCK_INHIBITED   client=com.apple.triald         count=0002 asset=UNKNOWN                                  selector=Trial.Siri.SiriTextToSpeech|com.apple.siri.tts.voice.en_US.aaron.neural.premium-en_US-iPhone|1288.0.0.11.896,0
time=2023-02-16_21:09:59 op=MOD_CLIENT_LOCK_INHIBITED   client=com.apple.triald         count=0002 asset=UNKNOWN                                  selector=Trial.Siri.SiriTextToSpeech|com.apple.siri.tts.voice.en_US.quinn.neural.premium-en_US-iPhone|1136.0.0.11.976,0
time=2023-02-16_21:09:59 op=MOD_CLIENT_LOCK_INHIBITED   client=com.apple.triald         count=0002 asset=4d9f8d17181ac2182d5c21096f2a594a89102231 selector=Trial.Siri.SiriTextToSpeech|com.apple.siri.tts.voice.en_GB.martha.neural.premium-en_GB-iPhone|1144.0.0.11.712,0
time=2023-02-16_21:09:59 op=MOD_CLIENT_LOCK_INHIBITED   client=com.apple.triald         count=0003 asset=4d9f8d17181ac2182d5c21096f2a594a89102231 selector=Trial.Siri.SiriTextToSpeech|com.apple.siri.tts.voice.en_GB.martha.neural.premium-en_GB-iPhone|1144.0.0.11.712,0
time=2023-02-16_21:09:59 op=MOD_CLIENT_LOCK_INHIBITED   client=com.apple.triald         count=0002 asset=4d9f8d17181ac2182d5c21096f2a594a89102231 selector=Trial.Siri.SiriTextToSpeech|com.apple.siri.tts.voice.en_GB.martha.neural.premium-en_GB-iPhone|1144.0.0.11.712,0
time=2023-02-16_21:09:59 op=MOD_CLIENT_LOCK_INHIBITED   client=com.apple.triald         count=0003 asset=UNKNOWN                                  selector=Trial.Siri.SiriTextToSpeech|com.apple.siri.tts.voice.en_US.aaron.neural.premium-en_US-iPhone|1288.0.0.11.896,0
time=2023-02-16_21:09:59 op=MOD_CLIENT_LOCK_INHIBITED   client=com.apple.triald         count=0002 asset=UNKNOWN                                  selector=Trial.Siri.SiriTextToSpeech|com.apple.siri.tts.voice.en_US.aaron.neural.premium-en_US-iPhone|1288.0.0.11.896,0
time=2023-02-16_21:09:59 op=MOD_CLIENT_LOCK_INHIBITED   client=com.apple.triald         count=0003 asset=UNKNOWN                                  selector=Trial.Siri.SiriTextToSpeech|com.apple.siri.tts.resource.en_US-en_US-generic|379.0.0.11.1939,0
time=2023-02-16_21:09:59 op=MOD_CLIENT_LOCK_INHIBITED   client=com.apple.triald         count=0002 asset=UNKNOWN                                  selector=Trial.Siri.SiriTextToSpeech|com.apple.siri.tts.resource.en_US-en_US-generic|379.0.0.11.1939,0
time=2023-02-16_21:10:00 op=MOD_CLIENT_LOCK_INHIBITED   client=com.apple.triald         count=0003 asset=UNKNOWN                                  selector=Trial.Siri.SiriTextToSpeech|com.apple.siri.tts.voice.en_US.quinn.neural.premium-en_US-iPhone|1136.0.0.11.976,0
time=2023-02-16_21:10:00 op=MOD_CLIENT_LOCK_INHIBITED   client=com.apple.triald         count=0002 asset=UNKNOWN                                  selector=Trial.Siri.SiriTextToSpeech|com.apple.siri.tts.voice.en_US.quinn.neural.premium-en_US-iPhone|1136.0.0.11.976,0
time=2023-02-16_21:10:02 op=ADD_CLIENT_LOCK             client=com.apple.triald         count=0001 asset=70b0ca2e97d6bfd04b92b524463071852a62a8d5 selector=Trial.Siri.SiriTextToSpeech|com.apple.siri.tts.resource.en_GB-en_GB-generic|350.0.0.11.884,0
time=2023-02-16_21:10:02 op=MOD_CLIENT_LOCK_INHIBITED   client=com.apple.triald         count=0002 asset=70b0ca2e97d6bfd04b92b524463071852a62a8d5 selector=Trial.Siri.SiriTextToSpeech|com.apple.siri.tts.resource.en_GB-en_GB-generic|350.0.0.11.884,0
time=2023-02-16_21:10:02 op=MOD_CLIENT_LOCK_INHIBITED   client=com.apple.triald         count=0001 asset=70b0ca2e97d6bfd04b92b524463071852a62a8d5 selector=Trial.Siri.SiriTextToSpeech|com.apple.siri.tts.resource.en_GB-en_GB-generic|350.0.0.11.884,0
time=2023-02-16_21:10:02 op=MOD_CLIENT_LOCK_INHIBITED   client=com.apple.triald         count=0002 asset=70b0ca2e97d6bfd04b92b524463071852a62a8d5 selector=Trial.Siri.SiriTextToSpeech|com.apple.siri.tts.resource.en_GB-en_GB-generic|350.0.0.11.884,0
time=2023-02-16_21:18:03 op=MOD_CLIENT_LOCK_INHIBITED   client=com.apple.triald         count=0003 asset=4d9f8d17181ac2182d5c21096f2a594a89102231 selector=Trial.Siri.SiriTextToSpeech|com.apple.siri.tts.voice.en_GB.martha.neural.premium-en_GB-iPhone|1144.0.0.11.712,0
time=2023-02-16_21:18:03 op=MOD_CLIENT_LOCK_INHIBITED   client=com.apple.triald         count=0003 asset=UNKNOWN                                  selector=Trial.Siri.SiriTextToSpeech|com.apple.siri.tts.voice.en_US.aaron.neural.premium-en_US-iPhone|1288.0.0.11.896,0
time=2023-02-16_21:18:03 op=MOD_CLIENT_LOCK_INHIBITED   client=com.apple.triald         count=0003 asset=UNKNOWN                                  selector=Trial.Siri.SiriTextToSpeech|com.apple.siri.tts.voice.en_US.quinn.neural.premium-en_US-iPhone|1136.0.0.11.976,0
time=2023-02-16_21:18:03 op=MOD_CLIENT_LOCK_INHIBITED   client=com.apple.triald         count=0003 asset=70b0ca2e97d6bfd04b92b524463071852a62a8d5 selector=Trial.Siri.SiriTextToSpeech|com.apple.siri.tts.resource.en_GB-en_GB-generic|350.0.0.11.884,0
time=2023-02-16_21:18:03 op=MOD_CLIENT_LOCK_INHIBITED   client=com.apple.triald         count=0003 asset=UNKNOWN                                  selector=Trial.Siri.SiriTextToSpeech|com.apple.siri.tts.catalog.voice-generic-generic|112.0.0.11.1613,0
time=2023-02-16_21:18:03 op=MOD_CLIENT_LOCK_INHIBITED   client=com.apple.triald         count=0002 asset=UNKNOWN                                  selector=Trial.Siri.SiriTextToSpeech|com.apple.siri.tts.voice.en_US.quinn.neural.premium-en_US-iPhone|1136.0.0.11.976,0
time=2023-02-16_21:18:03 op=MOD_CLIENT_LOCK_INHIBITED   client=com.apple.triald         count=0002 asset=UNKNOWN                                  selector=Trial.Siri.SiriTextToSpeech|com.apple.siri.tts.catalog.voice-generic-generic|112.0.0.11.1613,0
time=2023-02-16_21:18:03 op=MOD_CLIENT_LOCK_INHIBITED   client=com.apple.triald         count=0002 asset=UNKNOWN                                  selector=Trial.Siri.SiriTextToSpeech|com.apple.siri.tts.voice.en_US.aaron.neural.premium-en_US-iPhone|1288.0.0.11.896,0
time=2023-02-16_21:18:03 op=MOD_CLIENT_LOCK_INHIBITED   client=com.apple.triald         count=0002 asset=70b0ca2e97d6bfd04b92b524463071852a62a8d5 selector=Trial.Siri.SiriTextToSpeech|com.apple.siri.tts.resource.en_GB-en_GB-generic|350.0.0.11.884,0
time=2023-02-16_21:18:03 op=MOD_CLIENT_LOCK_INHIBITED   client=com.apple.triald         count=0002 asset=4d9f8d17181ac2182d5c21096f2a594a89102231 selector=Trial.Siri.SiriTextToSpeech|com.apple.siri.tts.voice.en_GB.martha.neural.premium-en_GB-iPhone|1144.0.0.11.712,0
time=2023-02-16_21:18:03 op=MOD_CLIENT_LOCK_INHIBITED   client=com.apple.triald         count=0003 asset=UNKNOWN                                  selector=Trial.Siri.SiriTextToSpeech|com.apple.siri.tts.voice.en_US.quinn.neural.premium-en_US-iPhone|1136.0.0.11.976,0
time=2023-02-16_21:18:03 op=MOD_CLIENT_LOCK_INHIBITED   client=com.apple.triald         count=0003 asset=UNKNOWN                                  selector=Trial.Siri.SiriTextToSpeech|com.apple.siri.tts.voice.en_US.aaron.neural.premium-en_US-iPhone|1288.0.0.11.896,0
time=2023-02-16_21:18:03 op=MOD_CLIENT_LOCK_INHIBITED   client=com.apple.triald         count=0003 asset=70b0ca2e97d6bfd04b92b524463071852a62a8d5 selector=Trial.Siri.SiriTextToSpeech|com.apple.siri.tts.resource.en_GB-en_GB-generic|350.0.0.11.884,0
time=2023-02-16_21:18:03 op=MOD_CLIENT_LOCK_INHIBITED   client=com.apple.triald         count=0003 asset=UNKNOWN                                  selector=Trial.Siri.SiriTextToSpeech|com.apple.siri.tts.catalog.voice-generic-generic|112.0.0.11.1613,0
time=2023-02-16_21:18:03 op=MOD_CLIENT_LOCK_INHIBITED   client=com.apple.triald         count=0003 asset=4d9f8d17181ac2182d5c21096f2a594a89102231 selector=Trial.Siri.SiriTextToSpeech|com.apple.siri.tts.voice.en_GB.martha.neural.premium-en_GB-iPhone|1144.0.0.11.712,0
time=2023-02-16_21:18:07 op=ADD_CLIENT_LOCK             client=com.apple.triald         count=0001 asset=3eb1d4bbf919eb73e86502f32ea883d47ce4f60f selector=Trial.Siri.SiriTextToSpeech|com.apple.siri.tts.resource.en_US-en_US-generic|381.0.0.11.2003,0
time=2023-02-16_21:18:07 op=ADD_CLIENT_LOCK             client=com.apple.triald         count=0001 asset=56171ee501f82f12e6e4b3b595a43be4f589eec2 selector=Trial.Siri.SiriTextToSpeech|com.apple.siri.tts.catalog.resource-generic-generic|112.0.0.11.2003,0
time=2023-02-16_21:18:07 op=MOD_CLIENT_LOCK_INHIBITED   client=com.apple.triald         count=0004 asset=4d9f8d17181ac2182d5c21096f2a594a89102231 selector=Trial.Siri.SiriTextToSpeech|com.apple.siri.tts.voice.en_GB.martha.neural.premium-en_GB-iPhone|1144.0.0.11.712,0
time=2023-02-16_21:18:07 op=MOD_CLIENT_LOCK_INHIBITED   client=com.apple.triald         count=0003 asset=4d9f8d17181ac2182d5c21096f2a594a89102231 selector=Trial.Siri.SiriTextToSpeech|com.apple.siri.tts.voice.en_GB.martha.neural.premium-en_GB-iPhone|1144.0.0.11.712,0
time=2023-02-16_21:18:07 op=MOD_CLIENT_LOCK_INHIBITED   client=com.apple.triald         count=0004 asset=UNKNOWN                                  selector=Trial.Siri.SiriTextToSpeech|com.apple.siri.tts.voice.en_US.aaron.neural.premium-en_US-iPhone|1288.0.0.11.896,0
time=2023-02-16_21:18:07 op=MOD_CLIENT_LOCK_INHIBITED   client=com.apple.triald         count=0003 asset=UNKNOWN                                  selector=Trial.Siri.SiriTextToSpeech|com.apple.siri.tts.voice.en_US.aaron.neural.premium-en_US-iPhone|1288.0.0.11.896,0
time=2023-02-16_21:18:08 op=MOD_CLIENT_LOCK_INHIBITED   client=com.apple.triald         count=0004 asset=UNKNOWN                                  selector=Trial.Siri.SiriTextToSpeech|com.apple.siri.tts.catalog.voice-generic-generic|112.0.0.11.1613,0
time=2023-02-16_21:18:08 op=MOD_CLIENT_LOCK_INHIBITED   client=com.apple.triald         count=0003 asset=UNKNOWN                                  selector=Trial.Siri.SiriTextToSpeech|com.apple.siri.tts.catalog.voice-generic-generic|112.0.0.11.1613,0
time=2023-02-16_21:18:08 op=MOD_CLIENT_LOCK_INHIBITED   client=com.apple.triald         count=0002 asset=56171ee501f82f12e6e4b3b595a43be4f589eec2 selector=Trial.Siri.SiriTextToSpeech|com.apple.siri.tts.catalog.resource-generic-generic|112.0.0.11.2003,0
time=2023-02-16_21:18:08 op=MOD_CLIENT_LOCK_INHIBITED   client=com.apple.triald         count=0001 asset=56171ee501f82f12e6e4b3b595a43be4f589eec2 selector=Trial.Siri.SiriTextToSpeech|com.apple.siri.tts.catalog.resource-generic-generic|112.0.0.11.2003,0
time=2023-02-16_21:18:08 op=MOD_CLIENT_LOCK_INHIBITED   client=com.apple.triald         count=0004 asset=70b0ca2e97d6bfd04b92b524463071852a62a8d5 selector=Trial.Siri.SiriTextToSpeech|com.apple.siri.tts.resource.en_GB-en_GB-generic|350.0.0.11.884,0
time=2023-02-16_21:18:08 op=MOD_CLIENT_LOCK_INHIBITED   client=com.apple.triald         count=0003 asset=70b0ca2e97d6bfd04b92b524463071852a62a8d5 selector=Trial.Siri.SiriTextToSpeech|com.apple.siri.tts.resource.en_GB-en_GB-generic|350.0.0.11.884,0
time=2023-02-16_21:18:08 op=MOD_CLIENT_LOCK_INHIBITED   client=com.apple.triald         count=0002 asset=3eb1d4bbf919eb73e86502f32ea883d47ce4f60f selector=Trial.Siri.SiriTextToSpeech|com.apple.siri.tts.resource.en_US-en_US-generic|381.0.0.11.2003,0
time=2023-02-16_21:18:08 op=MOD_CLIENT_LOCK_INHIBITED   client=com.apple.triald         count=0001 asset=3eb1d4bbf919eb73e86502f32ea883d47ce4f60f selector=Trial.Siri.SiriTextToSpeech|com.apple.siri.tts.resource.en_US-en_US-generic|381.0.0.11.2003,0
time=2023-02-16_21:18:08 op=MOD_CLIENT_LOCK_INHIBITED   client=com.apple.triald         count=0004 asset=UNKNOWN                                  selector=Trial.Siri.SiriTextToSpeech|com.apple.siri.tts.voice.en_US.quinn.neural.premium-en_US-iPhone|1136.0.0.11.976,0
time=2023-02-16_21:18:08 op=MOD_CLIENT_LOCK_INHIBITED   client=com.apple.triald         count=0003 asset=UNKNOWN                                  selector=Trial.Siri.SiriTextToSpeech|com.apple.siri.tts.voice.en_US.quinn.neural.premium-en_US-iPhone|1136.0.0.11.976,0
time=2023-02-16_21:18:08 op=MOD_CLIENT_LOCK_INHIBITED   client=com.apple.triald         count=0004 asset=4d9f8d17181ac2182d5c21096f2a594a89102231 selector=Trial.Siri.SiriTextToSpeech|com.apple.siri.tts.voice.en_GB.martha.neural.premium-en_GB-iPhone|1144.0.0.11.712,0
time=2023-02-16_21:18:08 op=MOD_CLIENT_LOCK_INHIBITED   client=com.apple.triald         count=0004 asset=UNKNOWN                                  selector=Trial.Siri.SiriTextToSpeech|com.apple.siri.tts.voice.en_US.aaron.neural.premium-en_US-iPhone|1288.0.0.11.896,0
time=2023-02-16_21:18:08 op=MOD_CLIENT_LOCK_INHIBITED   client=com.apple.triald         count=0004 asset=UNKNOWN                                  selector=Trial.Siri.SiriTextToSpeech|com.apple.siri.tts.catalog.voice-generic-generic|112.0.0.11.1613,0
time=2023-02-16_21:18:08 op=MOD_CLIENT_LOCK_INHIBITED   client=com.apple.triald         count=0002 asset=56171ee501f82f12e6e4b3b595a43be4f589eec2 selector=Trial.Siri.SiriTextToSpeech|com.apple.siri.tts.catalog.resource-generic-generic|112.0.0.11.2003,0
time=2023-02-16_21:18:08 op=MOD_CLIENT_LOCK_INHIBITED   client=com.apple.triald         count=0004 asset=70b0ca2e97d6bfd04b92b524463071852a62a8d5 selector=Trial.Siri.SiriTextToSpeech|com.apple.siri.tts.resource.en_GB-en_GB-generic|350.0.0.11.884,0
time=2023-02-16_21:18:08 op=MOD_CLIENT_LOCK_INHIBITED   client=com.apple.triald         count=0002 asset=3eb1d4bbf919eb73e86502f32ea883d47ce4f60f selector=Trial.Siri.SiriTextToSpeech|com.apple.siri.tts.resource.en_US-en_US-generic|381.0.0.11.2003,0
time=2023-02-16_21:18:09 op=MOD_CLIENT_LOCK_INHIBITED   client=com.apple.triald         count=0004 asset=UNKNOWN                                  selector=Trial.Siri.SiriTextToSpeech|com.apple.siri.tts.voice.en_US.quinn.neural.premium-en_US-iPhone|1136.0.0.11.976,0
time=2023-02-16_21:18:13 op=ADD_CLIENT_LOCK             client=com.apple.triald         count=0001 asset=0029578b9b97780fb1e58c25ac26e93fcbecfa4f selector=Trial.Siri.SiriUnderstandingAsrAssistant|com.apple.siri.asr.geolm.regionMapping.es_ES-es_ES-generic|3100.1100.106.11.945,0
time=2023-02-16_21:18:13 op=ADD_CLIENT_LOCK             client=com.apple.triald         count=0001 asset=b8f27725423e7054ad85edb649e96cf14d60c685 selector=Trial.Siri.SiriUnderstandingAsrAssistant|com.apple.siri.asr.geolm.regionMapping.zh_HK-zh_HK-generic|3100.1200.111.11.1847,0
time=2023-02-16_21:18:15 op=ADD_CLIENT_LOCK             client=com.apple.triald         count=0001 asset=504617f420e8a5ebbae95b21b7b00f0ab4faca4e selector=Trial.Siri.SiriUnderstandingAsrAssistant|com.apple.siri.asr.geolm.regionMapping.en_CA-en_CA-generic|3100.1000.110.11.554,0
time=2023-02-16_21:18:15 op=ADD_CLIENT_LOCK             client=com.apple.triald         count=0001 asset=da906c216303972e88067a287a17ebd62c000f46 selector=Trial.Siri.SiriUnderstandingAsrAssistant|com.apple.siri.asr.geolm.regionMapping.es_US-es_US-generic|3100.1200.109.11.1872,0
time=2023-02-16_21:18:16 op=ADD_CLIENT_LOCK             client=com.apple.triald         count=0001 asset=8170ab1e2b418cdd133f3ecda5188451ee43955f selector=Trial.Siri.SiriUnderstandingAsrAssistant|com.apple.siri.asr.geolm.regionMapping.es_MX-es_MX-generic|3100.1001.108.11.634,0
time=2023-02-16_21:18:17 op=ADD_CLIENT_LOCK             client=com.apple.triald         count=0001 asset=1d046213e585a6d6082ab45d72b9a2de9d376a26 selector=Trial.Siri.SiriUnderstandingAsrAssistant|com.apple.siri.asr.geolm.regionMapping.zh_CN-zh_CN-generic|3100.1200.113.11.1872,0
time=2023-02-16_21:18:17 op=ADD_CLIENT_LOCK             client=com.apple.triald         count=0001 asset=a560029321c0239a993077149783a2536f691781 selector=Trial.Siri.SiriUnderstandingAsrAssistant|com.apple.siri.asr.geolm.regionMapping.en_IN-en_IN-generic|3100.1200.121.11.2014,0
time=2023-02-16_21:18:18 op=ADD_CLIENT_LOCK             client=com.apple.triald         count=0001 asset=a472def9957a4234aec390837d7573d2fdee0300 selector=Trial.Siri.SiriUnderstandingAsrAssistant|com.apple.siri.asr.dictation.audio.sampling-generic-generic|3100.1000.103.11.549,0
time=2023-02-16_21:18:18 op=ADD_CLIENT_LOCK             client=com.apple.triald         count=0001 asset=85c9a2ccfc1a2fe444820bf00a69f0648b8824f1 selector=Trial.Siri.SiriUnderstandingAsrAssistant|com.apple.siri.asr.geolm.regionMapping.en_US-en_US-generic|3100.1200.127.11.1897,0
time=2023-02-16_21:18:18 op=ADD_CLIENT_LOCK             client=com.apple.triald         count=0001 asset=dc2ff0bc0725161b5cfff515841bb544222d15c2 selector=Trial.Siri.SiriUnderstandingAsrAssistant|com.apple.siri.asr.geolm.regionMapping.de_DE-de_DE-generic|3100.1200.108.11.1850,0
time=2023-02-16_21:18:19 op=ADD_CLIENT_LOCK             client=com.apple.triald         count=0001 asset=25783f0966b912de631339b8664ea0a38c4e5250 selector=Trial.Siri.SiriUnderstandingAsrAssistant|com.apple.siri.asr.geolm.regionMapping.en_AU-en_AU-generic|3100.1200.120.11.1866,0
time=2023-02-16_21:18:19 op=ADD_CLIENT_LOCK             client=com.apple.triald         count=0001 asset=1ed8f4ee38fee0c1e62bc601fd1c6a67e6f4c93d selector=Trial.Siri.SiriUnderstandingAsrAssistant|com.apple.siri.asr.geolm.regionMapping.en_GB-en_GB-generic|3100.1200.113.11.1845,0
time=2023-02-16_21:18:20 op=ADD_CLIENT_LOCK             client=com.apple.triald         count=0001 asset=7f3194fe53c52b82bd270ce49247e93ab8bf2211 selector=Trial.Siri.SiriUnderstandingAsrAssistant|com.apple.siri.asr.geolm.regionMapping.ja_JP-ja_JP-generic|3100.1200.119.11.1848,0
time=2023-02-16_21:19:55 op=DEL_CLIENT_UNLOCK           client=com.apple.triald         count=0000 asset=0029578b9b97780fb1e58c25ac26e93fcbecfa4f selector=Trial.Siri.SiriUnderstandingAsrAssistant|com.apple.siri.asr.geolm.regionMapping.es_ES-es_ES-generic|3100.1100.106.11.945,0
time=2023-02-16_21:19:55 op=DEL_CLIENT_UNLOCK           client=com.apple.triald         count=0000 asset=b8f27725423e7054ad85edb649e96cf14d60c685 selector=Trial.Siri.SiriUnderstandingAsrAssistant|com.apple.siri.asr.geolm.regionMapping.zh_HK-zh_HK-generic|3100.1200.111.11.1847,0
time=2023-02-16_21:19:55 op=DEL_CLIENT_UNLOCK           client=com.apple.triald         count=0000 asset=504617f420e8a5ebbae95b21b7b00f0ab4faca4e selector=Trial.Siri.SiriUnderstandingAsrAssistant|com.apple.siri.asr.geolm.regionMapping.en_CA-en_CA-generic|3100.1000.110.11.554,0
time=2023-02-16_21:19:55 op=DEL_CLIENT_UNLOCK           client=com.apple.triald         count=0000 asset=da906c216303972e88067a287a17ebd62c000f46 selector=Trial.Siri.SiriUnderstandingAsrAssistant|com.apple.siri.asr.geolm.regionMapping.es_US-es_US-generic|3100.1200.109.11.1872,0
time=2023-02-16_21:19:55 op=DEL_CLIENT_UNLOCK           client=com.apple.triald         count=0000 asset=8170ab1e2b418cdd133f3ecda5188451ee43955f selector=Trial.Siri.SiriUnderstandingAsrAssistant|com.apple.siri.asr.geolm.regionMapping.es_MX-es_MX-generic|3100.1001.108.11.634,0
time=2023-02-16_21:19:55 op=DEL_CLIENT_UNLOCK           client=com.apple.triald         count=0000 asset=1d046213e585a6d6082ab45d72b9a2de9d376a26 selector=Trial.Siri.SiriUnderstandingAsrAssistant|com.apple.siri.asr.geolm.regionMapping.zh_CN-zh_CN-generic|3100.1200.113.11.1872,0
time=2023-02-16_21:19:55 op=DEL_CLIENT_UNLOCK           client=com.apple.triald         count=0000 asset=a560029321c0239a993077149783a2536f691781 selector=Trial.Siri.SiriUnderstandingAsrAssistant|com.apple.siri.asr.geolm.regionMapping.en_IN-en_IN-generic|3100.1200.121.11.2014,0
time=2023-02-16_21:19:55 op=DEL_CLIENT_UNLOCK           client=com.apple.triald         count=0000 asset=a472def9957a4234aec390837d7573d2fdee0300 selector=Trial.Siri.SiriUnderstandingAsrAssistant|com.apple.siri.asr.dictation.audio.sampling-generic-generic|3100.1000.103.11.549,0
time=2023-02-16_21:19:55 op=DEL_CLIENT_UNLOCK           client=com.apple.triald         count=0000 asset=85c9a2ccfc1a2fe444820bf00a69f0648b8824f1 selector=Trial.Siri.SiriUnderstandingAsrAssistant|com.apple.siri.asr.geolm.regionMapping.en_US-en_US-generic|3100.1200.127.11.1897,0
time=2023-02-16_21:19:55 op=DEL_CLIENT_UNLOCK           client=com.apple.triald         count=0000 asset=dc2ff0bc0725161b5cfff515841bb544222d15c2 selector=Trial.Siri.SiriUnderstandingAsrAssistant|com.apple.siri.asr.geolm.regionMapping.de_DE-de_DE-generic|3100.1200.108.11.1850,0
time=2023-02-16_21:19:55 op=DEL_CLIENT_UNLOCK           client=com.apple.triald         count=0000 asset=25783f0966b912de631339b8664ea0a38c4e5250 selector=Trial.Siri.SiriUnderstandingAsrAssistant|com.apple.siri.asr.geolm.regionMapping.en_AU-en_AU-generic|3100.1200.120.11.1866,0
time=2023-02-16_21:19:55 op=DEL_CLIENT_UNLOCK           client=com.apple.triald         count=0000 asset=1ed8f4ee38fee0c1e62bc601fd1c6a67e6f4c93d selector=Trial.Siri.SiriUnderstandingAsrAssistant|com.apple.siri.asr.geolm.regionMapping.en_GB-en_GB-generic|3100.1200.113.11.1845,0
time=2023-02-16_21:19:55 op=DEL_CLIENT_UNLOCK           client=com.apple.triald         count=0000 asset=7f3194fe53c52b82bd270ce49247e93ab8bf2211 selector=Trial.Siri.SiriUnderstandingAsrAssistant|com.apple.siri.asr.geolm.regionMapping.ja_JP-ja_JP-generic|3100.1200.119.11.1848,0
time=2023-02-16_23:51:40 op=ADD_CLIENT_LOCK             client=com.apple.triald         count=0001 asset=584076e547f5c898c93281a33f82b888458d4d37 selector=Trial.Siri.SiriFindMyConfigurationFiles|com.apple.siri.findmy.primary_device_files-generic-generic|0.2.2.11.683,0
time=2023-02-16_23:51:40 op=MOD_CLIENT_LOCK_INHIBITED   client=com.apple.triald         count=0002 asset=584076e547f5c898c93281a33f82b888458d4d37 selector=Trial.Siri.SiriFindMyConfigurationFiles|com.apple.siri.findmy.primary_device_files-generic-generic|0.2.2.11.683,0
time=2023-02-16_23:51:40 op=MOD_CLIENT_LOCK_INHIBITED   client=com.apple.triald         count=0001 asset=584076e547f5c898c93281a33f82b888458d4d37 selector=Trial.Siri.SiriFindMyConfigurationFiles|com.apple.siri.findmy.primary_device_files-generic-generic|0.2.2.11.683,0
time=2023-02-16_23:51:40 op=MOD_CLIENT_LOCK_INHIBITED   client=com.apple.triald         count=0002 asset=584076e547f5c898c93281a33f82b888458d4d37 selector=Trial.Siri.SiriFindMyConfigurationFiles|com.apple.siri.findmy.primary_device_files-generic-generic|0.2.2.11.683,0
time=2023-02-16_23:52:51 op=DEL_CLIENT_UNLOCK_INHIBITED layer=LOCKER                    count=0002 asset=UNKNOWN                                  selector=Trial.Siri.SiriTextToSpeech|com.apple.siri.tts.catalog.resource-generic-generic|110.0.0.11.1939,0
time=2023-02-16_23:52:51 op=DEL_CLIENT_UNLOCK_INHIBITED layer=LOCKER                    count=0002 asset=UNKNOWN                                  selector=Trial.Siri.SiriTextToSpeech|com.apple.siri.tts.resource.en_US-en_US-generic|379.0.0.11.1939,0
time=2023-02-16_23:52:55 op=ADD_CLIENT_LOCK             client=com.apple.triald         count=0001 asset=1d046213e585a6d6082ab45d72b9a2de9d376a26 selector=Trial.Siri.SiriUnderstandingAsrAssistant|com.apple.siri.asr.geolm.regionMapping.zh_CN-zh_CN-generic|3100.1200.113.11.1872,0
time=2023-02-16_23:52:55 op=ADD_CLIENT_LOCK             client=com.apple.triald         count=0001 asset=dc2ff0bc0725161b5cfff515841bb544222d15c2 selector=Trial.Siri.SiriUnderstandingAsrAssistant|com.apple.siri.asr.geolm.regionMapping.de_DE-de_DE-generic|3100.1200.108.11.1850,0
time=2023-02-16_23:52:56 op=ADD_CLIENT_LOCK             client=com.apple.triald         count=0001 asset=7f3194fe53c52b82bd270ce49247e93ab8bf2211 selector=Trial.Siri.SiriUnderstandingAsrAssistant|com.apple.siri.asr.geolm.regionMapping.ja_JP-ja_JP-generic|3100.1200.119.11.1848,0
time=2023-02-16_23:52:56 op=ADD_CLIENT_LOCK             client=com.apple.triald         count=0001 asset=0029578b9b97780fb1e58c25ac26e93fcbecfa4f selector=Trial.Siri.SiriUnderstandingAsrAssistant|com.apple.siri.asr.geolm.regionMapping.es_ES-es_ES-generic|3100.1100.106.11.945,0
time=2023-02-16_23:52:56 op=ADD_CLIENT_LOCK             client=com.apple.triald         count=0001 asset=25783f0966b912de631339b8664ea0a38c4e5250 selector=Trial.Siri.SiriUnderstandingAsrAssistant|com.apple.siri.asr.geolm.regionMapping.en_AU-en_AU-generic|3100.1200.120.11.1866,0
time=2023-02-16_23:52:56 op=ADD_CLIENT_LOCK             client=com.apple.triald         count=0001 asset=85c9a2ccfc1a2fe444820bf00a69f0648b8824f1 selector=Trial.Siri.SiriUnderstandingAsrAssistant|com.apple.siri.asr.geolm.regionMapping.en_US-en_US-generic|3100.1200.127.11.1897,0
time=2023-02-16_23:52:56 op=ADD_CLIENT_LOCK             client=com.apple.triald         count=0001 asset=da906c216303972e88067a287a17ebd62c000f46 selector=Trial.Siri.SiriUnderstandingAsrAssistant|com.apple.siri.asr.geolm.regionMapping.es_US-es_US-generic|3100.1200.109.11.1872,0
time=2023-02-16_23:52:56 op=ADD_CLIENT_LOCK             client=com.apple.triald         count=0001 asset=a472def9957a4234aec390837d7573d2fdee0300 selector=Trial.Siri.SiriUnderstandingAsrAssistant|com.apple.siri.asr.dictation.audio.sampling-generic-generic|3100.1000.103.11.549,0
time=2023-02-16_23:52:56 op=ADD_CLIENT_LOCK             client=com.apple.triald         count=0001 asset=1ed8f4ee38fee0c1e62bc601fd1c6a67e6f4c93d selector=Trial.Siri.SiriUnderstandingAsrAssistant|com.apple.siri.asr.geolm.regionMapping.en_GB-en_GB-generic|3100.1200.113.11.1845,0
time=2023-02-16_23:52:56 op=ADD_CLIENT_LOCK             client=com.apple.triald         count=0001 asset=8170ab1e2b418cdd133f3ecda5188451ee43955f selector=Trial.Siri.SiriUnderstandingAsrAssistant|com.apple.siri.asr.geolm.regionMapping.es_MX-es_MX-generic|3100.1001.108.11.634,0
time=2023-02-16_23:52:56 op=ADD_CLIENT_LOCK             client=com.apple.triald         count=0001 asset=a560029321c0239a993077149783a2536f691781 selector=Trial.Siri.SiriUnderstandingAsrAssistant|com.apple.siri.asr.geolm.regionMapping.en_IN-en_IN-generic|3100.1200.121.11.2014,0
time=2023-02-16_23:52:56 op=ADD_CLIENT_LOCK             client=com.apple.triald         count=0001 asset=b8f27725423e7054ad85edb649e96cf14d60c685 selector=Trial.Siri.SiriUnderstandingAsrAssistant|com.apple.siri.asr.geolm.regionMapping.zh_HK-zh_HK-generic|3100.1200.111.11.1847,0
time=2023-02-16_23:52:57 op=ADD_CLIENT_LOCK             client=com.apple.triald         count=0001 asset=504617f420e8a5ebbae95b21b7b00f0ab4faca4e selector=Trial.Siri.SiriUnderstandingAsrAssistant|com.apple.siri.asr.geolm.regionMapping.en_CA-en_CA-generic|3100.1000.110.11.554,0
time=2023-02-16_23:52:57 op=DEL_CLIENT_UNLOCK           client=com.apple.triald         count=0000 asset=b8f27725423e7054ad85edb649e96cf14d60c685 selector=Trial.Siri.SiriUnderstandingAsrAssistant|com.apple.siri.asr.geolm.regionMapping.zh_HK-zh_HK-generic|3100.1200.111.11.1847,0
time=2023-02-16_23:52:57 op=DEL_CLIENT_UNLOCK           client=com.apple.triald         count=0000 asset=504617f420e8a5ebbae95b21b7b00f0ab4faca4e selector=Trial.Siri.SiriUnderstandingAsrAssistant|com.apple.siri.asr.geolm.regionMapping.en_CA-en_CA-generic|3100.1000.110.11.554,0
time=2023-02-16_23:52:57 op=DEL_CLIENT_UNLOCK           client=com.apple.triald         count=0000 asset=a472def9957a4234aec390837d7573d2fdee0300 selector=Trial.Siri.SiriUnderstandingAsrAssistant|com.apple.siri.asr.dictation.audio.sampling-generic-generic|3100.1000.103.11.549,0
time=2023-02-16_23:52:57 op=DEL_CLIENT_UNLOCK           client=com.apple.triald         count=0000 asset=1d046213e585a6d6082ab45d72b9a2de9d376a26 selector=Trial.Siri.SiriUnderstandingAsrAssistant|com.apple.siri.asr.geolm.regionMapping.zh_CN-zh_CN-generic|3100.1200.113.11.1872,0
time=2023-02-16_23:52:57 op=DEL_CLIENT_UNLOCK           client=com.apple.triald         count=0000 asset=8170ab1e2b418cdd133f3ecda5188451ee43955f selector=Trial.Siri.SiriUnderstandingAsrAssistant|com.apple.siri.asr.geolm.regionMapping.es_MX-es_MX-generic|3100.1001.108.11.634,0
time=2023-02-16_23:52:57 op=DEL_CLIENT_UNLOCK           client=com.apple.triald         count=0000 asset=a560029321c0239a993077149783a2536f691781 selector=Trial.Siri.SiriUnderstandingAsrAssistant|com.apple.siri.asr.geolm.regionMapping.en_IN-en_IN-generic|3100.1200.121.11.2014,0
time=2023-02-16_23:52:57 op=DEL_CLIENT_UNLOCK           client=com.apple.triald         count=0000 asset=da906c216303972e88067a287a17ebd62c000f46 selector=Trial.Siri.SiriUnderstandingAsrAssistant|com.apple.siri.asr.geolm.regionMapping.es_US-es_US-generic|3100.1200.109.11.1872,0
time=2023-02-16_23:52:57 op=DEL_CLIENT_UNLOCK           client=com.apple.triald         count=0000 asset=7f3194fe53c52b82bd270ce49247e93ab8bf2211 selector=Trial.Siri.SiriUnderstandingAsrAssistant|com.apple.siri.asr.geolm.regionMapping.ja_JP-ja_JP-generic|3100.1200.119.11.1848,0
time=2023-02-16_23:52:57 op=DEL_CLIENT_UNLOCK           client=com.apple.triald         count=0000 asset=25783f0966b912de631339b8664ea0a38c4e5250 selector=Trial.Siri.SiriUnderstandingAsrAssistant|com.apple.siri.asr.geolm.regionMapping.en_AU-en_AU-generic|3100.1200.120.11.1866,0
time=2023-02-16_23:52:57 op=DEL_CLIENT_UNLOCK           client=com.apple.triald         count=0000 asset=1ed8f4ee38fee0c1e62bc601fd1c6a67e6f4c93d selector=Trial.Siri.SiriUnderstandingAsrAssistant|com.apple.siri.asr.geolm.regionMapping.en_GB-en_GB-generic|3100.1200.113.11.1845,0
time=2023-02-16_23:52:57 op=DEL_CLIENT_UNLOCK           client=com.apple.triald         count=0000 asset=85c9a2ccfc1a2fe444820bf00a69f0648b8824f1 selector=Trial.Siri.SiriUnderstandingAsrAssistant|com.apple.siri.asr.geolm.regionMapping.en_US-en_US-generic|3100.1200.127.11.1897,0
time=2023-02-16_23:52:57 op=DEL_CLIENT_UNLOCK           client=com.apple.triald         count=0000 asset=dc2ff0bc0725161b5cfff515841bb544222d15c2 selector=Trial.Siri.SiriUnderstandingAsrAssistant|com.apple.siri.asr.geolm.regionMapping.de_DE-de_DE-generic|3100.1200.108.11.1850,0
time=2023-02-16_23:52:57 op=DEL_CLIENT_UNLOCK           client=com.apple.triald         count=0000 asset=0029578b9b97780fb1e58c25ac26e93fcbecfa4f selector=Trial.Siri.SiriUnderstandingAsrAssistant|com.apple.siri.asr.geolm.regionMapping.es_ES-es_ES-generic|3100.1100.106.11.945,0
time=2023-02-16_23:52:57 op=ADD_CLIENT_LOCK             client=com.apple.triald         count=0001 asset=0029578b9b97780fb1e58c25ac26e93fcbecfa4f selector=Trial.Siri.SiriUnderstandingAsrAssistant|com.apple.siri.asr.geolm.regionMapping.es_ES-es_ES-generic|3100.1100.106.11.945,0
time=2023-02-16_23:52:57 op=ADD_CLIENT_LOCK             client=com.apple.triald         count=0001 asset=b8f27725423e7054ad85edb649e96cf14d60c685 selector=Trial.Siri.SiriUnderstandingAsrAssistant|com.apple.siri.asr.geolm.regionMapping.zh_HK-zh_HK-generic|3100.1200.111.11.1847,0
time=2023-02-16_23:52:57 op=ADD_CLIENT_LOCK             client=com.apple.triald         count=0001 asset=504617f420e8a5ebbae95b21b7b00f0ab4faca4e selector=Trial.Siri.SiriUnderstandingAsrAssistant|com.apple.siri.asr.geolm.regionMapping.en_CA-en_CA-generic|3100.1000.110.11.554,0
time=2023-02-16_23:52:57 op=ADD_CLIENT_LOCK             client=com.apple.triald         count=0001 asset=da906c216303972e88067a287a17ebd62c000f46 selector=Trial.Siri.SiriUnderstandingAsrAssistant|com.apple.siri.asr.geolm.regionMapping.es_US-es_US-generic|3100.1200.109.11.1872,0
time=2023-02-16_23:52:57 op=ADD_CLIENT_LOCK             client=com.apple.triald         count=0001 asset=8170ab1e2b418cdd133f3ecda5188451ee43955f selector=Trial.Siri.SiriUnderstandingAsrAssistant|com.apple.siri.asr.geolm.regionMapping.es_MX-es_MX-generic|3100.1001.108.11.634,0
time=2023-02-16_23:52:57 op=ADD_CLIENT_LOCK             client=com.apple.triald         count=0001 asset=1d046213e585a6d6082ab45d72b9a2de9d376a26 selector=Trial.Siri.SiriUnderstandingAsrAssistant|com.apple.siri.asr.geolm.regionMapping.zh_CN-zh_CN-generic|3100.1200.113.11.1872,0
time=2023-02-16_23:52:57 op=ADD_CLIENT_LOCK             client=com.apple.triald         count=0001 asset=a560029321c0239a993077149783a2536f691781 selector=Trial.Siri.SiriUnderstandingAsrAssistant|com.apple.siri.asr.geolm.regionMapping.en_IN-en_IN-generic|3100.1200.121.11.2014,0
time=2023-02-16_23:52:57 op=ADD_CLIENT_LOCK             client=com.apple.triald         count=0001 asset=a472def9957a4234aec390837d7573d2fdee0300 selector=Trial.Siri.SiriUnderstandingAsrAssistant|com.apple.siri.asr.dictation.audio.sampling-generic-generic|3100.1000.103.11.549,0
time=2023-02-16_23:52:57 op=ADD_CLIENT_LOCK             client=com.apple.triald         count=0001 asset=85c9a2ccfc1a2fe444820bf00a69f0648b8824f1 selector=Trial.Siri.SiriUnderstandingAsrAssistant|com.apple.siri.asr.geolm.regionMapping.en_US-en_US-generic|3100.1200.127.11.1897,0
time=2023-02-16_23:52:57 op=ADD_CLIENT_LOCK             client=com.apple.triald         count=0001 asset=dc2ff0bc0725161b5cfff515841bb544222d15c2 selector=Trial.Siri.SiriUnderstandingAsrAssistant|com.apple.siri.asr.geolm.regionMapping.de_DE-de_DE-generic|3100.1200.108.11.1850,0
time=2023-02-16_23:52:57 op=ADD_CLIENT_LOCK             client=com.apple.triald         count=0001 asset=25783f0966b912de631339b8664ea0a38c4e5250 selector=Trial.Siri.SiriUnderstandingAsrAssistant|com.apple.siri.asr.geolm.regionMapping.en_AU-en_AU-generic|3100.1200.120.11.1866,0
time=2023-02-16_23:52:57 op=ADD_CLIENT_LOCK             client=com.apple.triald         count=0001 asset=1ed8f4ee38fee0c1e62bc601fd1c6a67e6f4c93d selector=Trial.Siri.SiriUnderstandingAsrAssistant|com.apple.siri.asr.geolm.regionMapping.en_GB-en_GB-generic|3100.1200.113.11.1845,0
time=2023-02-16_23:52:57 op=ADD_CLIENT_LOCK             client=com.apple.triald         count=0001 asset=7f3194fe53c52b82bd270ce49247e93ab8bf2211 selector=Trial.Siri.SiriUnderstandingAsrAssistant|com.apple.siri.asr.geolm.regionMapping.ja_JP-ja_JP-generic|3100.1200.119.11.1848,0
time=2023-02-16_23:54:55 op=ADD_CLIENT_LOCK             client=com.apple.triald         count=0001 asset=d3b50f2539469a3b1e2ea9e0700512f80acc12d3 selector=Trial.Siri.SiriUnderstandingAsrAssistant|com.apple.siri.asr.assistant.en_US-en_US-generic|3100.1200.127.11.1897,0
time=2023-02-16_23:54:56 op=ADD_CLIENT_LOCK             client=com.apple.triald         count=0001 asset=4f8448f80743f00ec08537ed9792afb511ed334b selector=Trial.Siri.SiriUnderstandingAsrAssistant|com.apple.siri.asr.geolm.regionMapping.fr_FR-fr_FR-generic|3100.1200.111.11.1872,0
time=2023-02-16_23:54:56 op=MOD_CLIENT_LOCK_INHIBITED   client=com.apple.triald         count=0002 asset=d3b50f2539469a3b1e2ea9e0700512f80acc12d3 selector=Trial.Siri.SiriUnderstandingAsrAssistant|com.apple.siri.asr.assistant.en_US-en_US-generic|3100.1200.127.11.1897,0
time=2023-02-16_23:54:56 op=MOD_CLIENT_LOCK_INHIBITED   client=com.apple.triald         count=0001 asset=d3b50f2539469a3b1e2ea9e0700512f80acc12d3 selector=Trial.Siri.SiriUnderstandingAsrAssistant|com.apple.siri.asr.assistant.en_US-en_US-generic|3100.1200.127.11.1897,0
time=2023-02-16_23:54:56 op=MOD_CLIENT_LOCK_INHIBITED   client=com.apple.triald         count=0002 asset=dc2ff0bc0725161b5cfff515841bb544222d15c2 selector=Trial.Siri.SiriUnderstandingAsrAssistant|com.apple.siri.asr.geolm.regionMapping.de_DE-de_DE-generic|3100.1200.108.11.1850,0
time=2023-02-16_23:54:56 op=MOD_CLIENT_LOCK_INHIBITED   client=com.apple.triald         count=0001 asset=dc2ff0bc0725161b5cfff515841bb544222d15c2 selector=Trial.Siri.SiriUnderstandingAsrAssistant|com.apple.siri.asr.geolm.regionMapping.de_DE-de_DE-generic|3100.1200.108.11.1850,0
time=2023-02-16_23:54:56 op=MOD_CLIENT_LOCK_INHIBITED   client=com.apple.triald         count=0002 asset=504617f420e8a5ebbae95b21b7b00f0ab4faca4e selector=Trial.Siri.SiriUnderstandingAsrAssistant|com.apple.siri.asr.geolm.regionMapping.en_CA-en_CA-generic|3100.1000.110.11.554,0
time=2023-02-16_23:54:56 op=MOD_CLIENT_LOCK_INHIBITED   client=com.apple.triald         count=0001 asset=504617f420e8a5ebbae95b21b7b00f0ab4faca4e selector=Trial.Siri.SiriUnderstandingAsrAssistant|com.apple.siri.asr.geolm.regionMapping.en_CA-en_CA-generic|3100.1000.110.11.554,0
time=2023-02-16_23:54:56 op=MOD_CLIENT_LOCK_INHIBITED   client=com.apple.triald         count=0002 asset=85c9a2ccfc1a2fe444820bf00a69f0648b8824f1 selector=Trial.Siri.SiriUnderstandingAsrAssistant|com.apple.siri.asr.geolm.regionMapping.en_US-en_US-generic|3100.1200.127.11.1897,0
time=2023-02-16_23:54:56 op=MOD_CLIENT_LOCK_INHIBITED   client=com.apple.triald         count=0001 asset=85c9a2ccfc1a2fe444820bf00a69f0648b8824f1 selector=Trial.Siri.SiriUnderstandingAsrAssistant|com.apple.siri.asr.geolm.regionMapping.en_US-en_US-generic|3100.1200.127.11.1897,0
time=2023-02-16_23:54:56 op=MOD_CLIENT_LOCK_INHIBITED   client=com.apple.triald         count=0002 asset=25783f0966b912de631339b8664ea0a38c4e5250 selector=Trial.Siri.SiriUnderstandingAsrAssistant|com.apple.siri.asr.geolm.regionMapping.en_AU-en_AU-generic|3100.1200.120.11.1866,0
time=2023-02-16_23:54:56 op=MOD_CLIENT_LOCK_INHIBITED   client=com.apple.triald         count=0001 asset=25783f0966b912de631339b8664ea0a38c4e5250 selector=Trial.Siri.SiriUnderstandingAsrAssistant|com.apple.siri.asr.geolm.regionMapping.en_AU-en_AU-generic|3100.1200.120.11.1866,0
time=2023-02-16_23:54:56 op=MOD_CLIENT_LOCK_INHIBITED   client=com.apple.triald         count=0002 asset=1ed8f4ee38fee0c1e62bc601fd1c6a67e6f4c93d selector=Trial.Siri.SiriUnderstandingAsrAssistant|com.apple.siri.asr.geolm.regionMapping.en_GB-en_GB-generic|3100.1200.113.11.1845,0
time=2023-02-16_23:54:56 op=MOD_CLIENT_LOCK_INHIBITED   client=com.apple.triald         count=0001 asset=1ed8f4ee38fee0c1e62bc601fd1c6a67e6f4c93d selector=Trial.Siri.SiriUnderstandingAsrAssistant|com.apple.siri.asr.geolm.regionMapping.en_GB-en_GB-generic|3100.1200.113.11.1845,0
time=2023-02-16_23:54:56 op=MOD_CLIENT_LOCK_INHIBITED   client=com.apple.triald         count=0002 asset=a560029321c0239a993077149783a2536f691781 selector=Trial.Siri.SiriUnderstandingAsrAssistant|com.apple.siri.asr.geolm.regionMapping.en_IN-en_IN-generic|3100.1200.121.11.2014,0
time=2023-02-16_23:54:56 op=MOD_CLIENT_LOCK_INHIBITED   client=com.apple.triald         count=0001 asset=a560029321c0239a993077149783a2536f691781 selector=Trial.Siri.SiriUnderstandingAsrAssistant|com.apple.siri.asr.geolm.regionMapping.en_IN-en_IN-generic|3100.1200.121.11.2014,0
time=2023-02-16_23:54:56 op=MOD_CLIENT_LOCK_INHIBITED   client=com.apple.triald         count=0002 asset=0029578b9b97780fb1e58c25ac26e93fcbecfa4f selector=Trial.Siri.SiriUnderstandingAsrAssistant|com.apple.siri.asr.geolm.regionMapping.es_ES-es_ES-generic|3100.1100.106.11.945,0
time=2023-02-16_23:54:56 op=MOD_CLIENT_LOCK_INHIBITED   client=com.apple.triald         count=0001 asset=0029578b9b97780fb1e58c25ac26e93fcbecfa4f selector=Trial.Siri.SiriUnderstandingAsrAssistant|com.apple.siri.asr.geolm.regionMapping.es_ES-es_ES-generic|3100.1100.106.11.945,0
time=2023-02-16_23:54:56 op=MOD_CLIENT_LOCK_INHIBITED   client=com.apple.triald         count=0002 asset=8170ab1e2b418cdd133f3ecda5188451ee43955f selector=Trial.Siri.SiriUnderstandingAsrAssistant|com.apple.siri.asr.geolm.regionMapping.es_MX-es_MX-generic|3100.1001.108.11.634,0
time=2023-02-16_23:54:56 op=MOD_CLIENT_LOCK_INHIBITED   client=com.apple.triald         count=0001 asset=8170ab1e2b418cdd133f3ecda5188451ee43955f selector=Trial.Siri.SiriUnderstandingAsrAssistant|com.apple.siri.asr.geolm.regionMapping.es_MX-es_MX-generic|3100.1001.108.11.634,0
time=2023-02-16_23:54:56 op=MOD_CLIENT_LOCK_INHIBITED   client=com.apple.triald         count=0002 asset=da906c216303972e88067a287a17ebd62c000f46 selector=Trial.Siri.SiriUnderstandingAsrAssistant|com.apple.siri.asr.geolm.regionMapping.es_US-es_US-generic|3100.1200.109.11.1872,0
time=2023-02-16_23:54:56 op=MOD_CLIENT_LOCK_INHIBITED   client=com.apple.triald         count=0001 asset=da906c216303972e88067a287a17ebd62c000f46 selector=Trial.Siri.SiriUnderstandingAsrAssistant|com.apple.siri.asr.geolm.regionMapping.es_US-es_US-generic|3100.1200.109.11.1872,0
time=2023-02-16_23:54:56 op=MOD_CLIENT_LOCK_INHIBITED   client=com.apple.triald         count=0002 asset=4f8448f80743f00ec08537ed9792afb511ed334b selector=Trial.Siri.SiriUnderstandingAsrAssistant|com.apple.siri.asr.geolm.regionMapping.fr_FR-fr_FR-generic|3100.1200.111.11.1872,0
time=2023-02-16_23:54:56 op=MOD_CLIENT_LOCK_INHIBITED   client=com.apple.triald         count=0001 asset=4f8448f80743f00ec08537ed9792afb511ed334b selector=Trial.Siri.SiriUnderstandingAsrAssistant|com.apple.siri.asr.geolm.regionMapping.fr_FR-fr_FR-generic|3100.1200.111.11.1872,0
time=2023-02-16_23:54:56 op=MOD_CLIENT_LOCK_INHIBITED   client=com.apple.triald         count=0002 asset=7f3194fe53c52b82bd270ce49247e93ab8bf2211 selector=Trial.Siri.SiriUnderstandingAsrAssistant|com.apple.siri.asr.geolm.regionMapping.ja_JP-ja_JP-generic|3100.1200.119.11.1848,0
time=2023-02-16_23:54:57 op=MOD_CLIENT_LOCK_INHIBITED   client=com.apple.triald         count=0001 asset=7f3194fe53c52b82bd270ce49247e93ab8bf2211 selector=Trial.Siri.SiriUnderstandingAsrAssistant|com.apple.siri.asr.geolm.regionMapping.ja_JP-ja_JP-generic|3100.1200.119.11.1848,0
time=2023-02-16_23:54:57 op=MOD_CLIENT_LOCK_INHIBITED   client=com.apple.triald         count=0002 asset=1d046213e585a6d6082ab45d72b9a2de9d376a26 selector=Trial.Siri.SiriUnderstandingAsrAssistant|com.apple.siri.asr.geolm.regionMapping.zh_CN-zh_CN-generic|3100.1200.113.11.1872,0
time=2023-02-16_23:54:57 op=MOD_CLIENT_LOCK_INHIBITED   client=com.apple.triald         count=0001 asset=1d046213e585a6d6082ab45d72b9a2de9d376a26 selector=Trial.Siri.SiriUnderstandingAsrAssistant|com.apple.siri.asr.geolm.regionMapping.zh_CN-zh_CN-generic|3100.1200.113.11.1872,0
time=2023-02-16_23:54:57 op=MOD_CLIENT_LOCK_INHIBITED   client=com.apple.triald         count=0002 asset=b8f27725423e7054ad85edb649e96cf14d60c685 selector=Trial.Siri.SiriUnderstandingAsrAssistant|com.apple.siri.asr.geolm.regionMapping.zh_HK-zh_HK-generic|3100.1200.111.11.1847,0
time=2023-02-16_23:54:57 op=MOD_CLIENT_LOCK_INHIBITED   client=com.apple.triald         count=0001 asset=b8f27725423e7054ad85edb649e96cf14d60c685 selector=Trial.Siri.SiriUnderstandingAsrAssistant|com.apple.siri.asr.geolm.regionMapping.zh_HK-zh_HK-generic|3100.1200.111.11.1847,0
time=2023-02-16_23:54:57 op=MOD_CLIENT_LOCK_INHIBITED   client=com.apple.triald         count=0002 asset=a472def9957a4234aec390837d7573d2fdee0300 selector=Trial.Siri.SiriUnderstandingAsrAssistant|com.apple.siri.asr.dictation.audio.sampling-generic-generic|3100.1000.103.11.549,0
time=2023-02-16_23:54:57 op=MOD_CLIENT_LOCK_INHIBITED   client=com.apple.triald         count=0001 asset=a472def9957a4234aec390837d7573d2fdee0300 selector=Trial.Siri.SiriUnderstandingAsrAssistant|com.apple.siri.asr.dictation.audio.sampling-generic-generic|3100.1000.103.11.549,0
time=2023-02-16_23:54:57 op=MOD_CLIENT_LOCK_INHIBITED   client=com.apple.triald         count=0002 asset=d3b50f2539469a3b1e2ea9e0700512f80acc12d3 selector=Trial.Siri.SiriUnderstandingAsrAssistant|com.apple.siri.asr.assistant.en_US-en_US-generic|3100.1200.127.11.1897,0
time=2023-02-16_23:54:57 op=MOD_CLIENT_LOCK_INHIBITED   client=com.apple.triald         count=0002 asset=dc2ff0bc0725161b5cfff515841bb544222d15c2 selector=Trial.Siri.SiriUnderstandingAsrAssistant|com.apple.siri.asr.geolm.regionMapping.de_DE-de_DE-generic|3100.1200.108.11.1850,0
time=2023-02-16_23:54:57 op=MOD_CLIENT_LOCK_INHIBITED   client=com.apple.triald         count=0002 asset=504617f420e8a5ebbae95b21b7b00f0ab4faca4e selector=Trial.Siri.SiriUnderstandingAsrAssistant|com.apple.siri.asr.geolm.regionMapping.en_CA-en_CA-generic|3100.1000.110.11.554,0
time=2023-02-16_23:54:57 op=MOD_CLIENT_LOCK_INHIBITED   client=com.apple.triald         count=0002 asset=85c9a2ccfc1a2fe444820bf00a69f0648b8824f1 selector=Trial.Siri.SiriUnderstandingAsrAssistant|com.apple.siri.asr.geolm.regionMapping.en_US-en_US-generic|3100.1200.127.11.1897,0
time=2023-02-16_23:54:57 op=MOD_CLIENT_LOCK_INHIBITED   client=com.apple.triald         count=0002 asset=25783f0966b912de631339b8664ea0a38c4e5250 selector=Trial.Siri.SiriUnderstandingAsrAssistant|com.apple.siri.asr.geolm.regionMapping.en_AU-en_AU-generic|3100.1200.120.11.1866,0
time=2023-02-16_23:54:57 op=MOD_CLIENT_LOCK_INHIBITED   client=com.apple.triald         count=0002 asset=1ed8f4ee38fee0c1e62bc601fd1c6a67e6f4c93d selector=Trial.Siri.SiriUnderstandingAsrAssistant|com.apple.siri.asr.geolm.regionMapping.en_GB-en_GB-generic|3100.1200.113.11.1845,0
time=2023-02-16_23:54:57 op=MOD_CLIENT_LOCK_INHIBITED   client=com.apple.triald         count=0002 asset=a560029321c0239a993077149783a2536f691781 selector=Trial.Siri.SiriUnderstandingAsrAssistant|com.apple.siri.asr.geolm.regionMapping.en_IN-en_IN-generic|3100.1200.121.11.2014,0
time=2023-02-16_23:54:57 op=MOD_CLIENT_LOCK_INHIBITED   client=com.apple.triald         count=0002 asset=0029578b9b97780fb1e58c25ac26e93fcbecfa4f selector=Trial.Siri.SiriUnderstandingAsrAssistant|com.apple.siri.asr.geolm.regionMapping.es_ES-es_ES-generic|3100.1100.106.11.945,0
time=2023-02-16_23:54:57 op=MOD_CLIENT_LOCK_INHIBITED   client=com.apple.triald         count=0002 asset=8170ab1e2b418cdd133f3ecda5188451ee43955f selector=Trial.Siri.SiriUnderstandingAsrAssistant|com.apple.siri.asr.geolm.regionMapping.es_MX-es_MX-generic|3100.1001.108.11.634,0
time=2023-02-16_23:54:57 op=MOD_CLIENT_LOCK_INHIBITED   client=com.apple.triald         count=0002 asset=da906c216303972e88067a287a17ebd62c000f46 selector=Trial.Siri.SiriUnderstandingAsrAssistant|com.apple.siri.asr.geolm.regionMapping.es_US-es_US-generic|3100.1200.109.11.1872,0
time=2023-02-16_23:54:57 op=MOD_CLIENT_LOCK_INHIBITED   client=com.apple.triald         count=0002 asset=4f8448f80743f00ec08537ed9792afb511ed334b selector=Trial.Siri.SiriUnderstandingAsrAssistant|com.apple.siri.asr.geolm.regionMapping.fr_FR-fr_FR-generic|3100.1200.111.11.1872,0
time=2023-02-16_23:54:57 op=MOD_CLIENT_LOCK_INHIBITED   client=com.apple.triald         count=0002 asset=7f3194fe53c52b82bd270ce49247e93ab8bf2211 selector=Trial.Siri.SiriUnderstandingAsrAssistant|com.apple.siri.asr.geolm.regionMapping.ja_JP-ja_JP-generic|3100.1200.119.11.1848,0
time=2023-02-16_23:54:57 op=MOD_CLIENT_LOCK_INHIBITED   client=com.apple.triald         count=0002 asset=1d046213e585a6d6082ab45d72b9a2de9d376a26 selector=Trial.Siri.SiriUnderstandingAsrAssistant|com.apple.siri.asr.geolm.regionMapping.zh_CN-zh_CN-generic|3100.1200.113.11.1872,0
time=2023-02-16_23:54:57 op=MOD_CLIENT_LOCK_INHIBITED   client=com.apple.triald         count=0002 asset=b8f27725423e7054ad85edb649e96cf14d60c685 selector=Trial.Siri.SiriUnderstandingAsrAssistant|com.apple.siri.asr.geolm.regionMapping.zh_HK-zh_HK-generic|3100.1200.111.11.1847,0
time=2023-02-16_23:54:57 op=MOD_CLIENT_LOCK_INHIBITED   client=com.apple.triald         count=0002 asset=a472def9957a4234aec390837d7573d2fdee0300 selector=Trial.Siri.SiriUnderstandingAsrAssistant|com.apple.siri.asr.dictation.audio.sampling-generic-generic|3100.1000.103.11.549,0
time=2023-02-17_22:21:27 op=DEL_CLIENT_UNLOCK_INHIBITED layer=LOCKER                    count=0004 asset=UNKNOWN                                  selector=Trial.Siri.SiriTextToSpeech|com.apple.siri.tts.voice.en_US.quinn.neural.premium-en_US-iPhone|1136.0.0.11.976,0
time=2023-02-17_22:21:32 op=MOD_CLIENT_LOCK_INHIBITED   client=com.apple.triald         count=0005 asset=4d9f8d17181ac2182d5c21096f2a594a89102231 selector=Trial.Siri.SiriTextToSpeech|com.apple.siri.tts.voice.en_GB.martha.neural.premium-en_GB-iPhone|1144.0.0.11.712,0
time=2023-02-17_22:21:32 op=MOD_CLIENT_LOCK_INHIBITED   client=com.apple.triald         count=0005 asset=UNKNOWN                                  selector=Trial.Siri.SiriTextToSpeech|com.apple.siri.tts.catalog.voice-generic-generic|112.0.0.11.1613,0
time=2023-02-17_22:21:32 op=MOD_CLIENT_LOCK_INHIBITED   client=com.apple.triald         count=0005 asset=70b0ca2e97d6bfd04b92b524463071852a62a8d5 selector=Trial.Siri.SiriTextToSpeech|com.apple.siri.tts.resource.en_GB-en_GB-generic|350.0.0.11.884,0
time=2023-02-17_22:21:32 op=MOD_CLIENT_LOCK_INHIBITED   client=com.apple.triald         count=0003 asset=3eb1d4bbf919eb73e86502f32ea883d47ce4f60f selector=Trial.Siri.SiriTextToSpeech|com.apple.siri.tts.resource.en_US-en_US-generic|381.0.0.11.2003,0
time=2023-02-17_22:21:32 op=MOD_CLIENT_LOCK_INHIBITED   client=com.apple.triald         count=0005 asset=UNKNOWN                                  selector=Trial.Siri.SiriTextToSpeech|com.apple.siri.tts.voice.en_US.aaron.neural.premium-en_US-iPhone|1288.0.0.11.896,0
time=2023-02-17_22:21:32 op=MOD_CLIENT_LOCK_INHIBITED   client=com.apple.triald         count=0004 asset=UNKNOWN                                  selector=Trial.Siri.SiriTextToSpeech|com.apple.siri.tts.catalog.voice-generic-generic|112.0.0.11.1613,0
time=2023-02-17_22:21:32 op=MOD_CLIENT_LOCK_INHIBITED   client=com.apple.triald         count=0004 asset=UNKNOWN                                  selector=Trial.Siri.SiriTextToSpeech|com.apple.siri.tts.voice.en_US.aaron.neural.premium-en_US-iPhone|1288.0.0.11.896,0
time=2023-02-17_22:21:32 op=MOD_CLIENT_LOCK_INHIBITED   client=com.apple.triald         count=0004 asset=70b0ca2e97d6bfd04b92b524463071852a62a8d5 selector=Trial.Siri.SiriTextToSpeech|com.apple.siri.tts.resource.en_GB-en_GB-generic|350.0.0.11.884,0
time=2023-02-17_22:21:32 op=MOD_CLIENT_LOCK_INHIBITED   client=com.apple.triald         count=0004 asset=4d9f8d17181ac2182d5c21096f2a594a89102231 selector=Trial.Siri.SiriTextToSpeech|com.apple.siri.tts.voice.en_GB.martha.neural.premium-en_GB-iPhone|1144.0.0.11.712,0
time=2023-02-17_22:21:32 op=MOD_CLIENT_LOCK_INHIBITED   client=com.apple.triald         count=0002 asset=3eb1d4bbf919eb73e86502f32ea883d47ce4f60f selector=Trial.Siri.SiriTextToSpeech|com.apple.siri.tts.resource.en_US-en_US-generic|381.0.0.11.2003,0
time=2023-02-17_22:21:32 op=MOD_CLIENT_LOCK_INHIBITED   client=com.apple.triald         count=0005 asset=UNKNOWN                                  selector=Trial.Siri.SiriTextToSpeech|com.apple.siri.tts.catalog.voice-generic-generic|112.0.0.11.1613,0
time=2023-02-17_22:21:33 op=ADD_CLIENT_LOCK             client=com.apple.triald         count=0001 asset=79b59fb9d6ad1512d483281477b588deebba1ae0 selector=Trial.Siri.SiriTextToSpeech|com.apple.siri.tts.catalog.resource-generic-generic|115.0.0.11.2071,0
time=2023-02-17_22:21:33 op=MOD_CLIENT_LOCK_INHIBITED   client=com.apple.triald         count=0005 asset=UNKNOWN                                  selector=Trial.Siri.SiriTextToSpeech|com.apple.siri.tts.voice.en_US.aaron.neural.premium-en_US-iPhone|1288.0.0.11.896,0
time=2023-02-17_22:21:34 op=MOD_CLIENT_LOCK_INHIBITED   client=com.apple.triald         count=0005 asset=70b0ca2e97d6bfd04b92b524463071852a62a8d5 selector=Trial.Siri.SiriTextToSpeech|com.apple.siri.tts.resource.en_GB-en_GB-generic|350.0.0.11.884,0
time=2023-02-17_22:21:34 op=MOD_CLIENT_LOCK_INHIBITED   client=com.apple.triald         count=0005 asset=4d9f8d17181ac2182d5c21096f2a594a89102231 selector=Trial.Siri.SiriTextToSpeech|com.apple.siri.tts.voice.en_GB.martha.neural.premium-en_GB-iPhone|1144.0.0.11.712,0
time=2023-02-17_22:21:34 op=MOD_CLIENT_LOCK_INHIBITED   client=com.apple.triald         count=0003 asset=3eb1d4bbf919eb73e86502f32ea883d47ce4f60f selector=Trial.Siri.SiriTextToSpeech|com.apple.siri.tts.resource.en_US-en_US-generic|381.0.0.11.2003,0
time=2023-02-17_22:21:34 op=MOD_CLIENT_LOCK_INHIBITED   client=com.apple.triald         count=0006 asset=4d9f8d17181ac2182d5c21096f2a594a89102231 selector=Trial.Siri.SiriTextToSpeech|com.apple.siri.tts.voice.en_GB.martha.neural.premium-en_GB-iPhone|1144.0.0.11.712,0
time=2023-02-17_22:21:34 op=MOD_CLIENT_LOCK_INHIBITED   client=com.apple.triald         count=0005 asset=4d9f8d17181ac2182d5c21096f2a594a89102231 selector=Trial.Siri.SiriTextToSpeech|com.apple.siri.tts.voice.en_GB.martha.neural.premium-en_GB-iPhone|1144.0.0.11.712,0
time=2023-02-17_22:21:34 op=MOD_CLIENT_LOCK_INHIBITED   client=com.apple.triald         count=0006 asset=UNKNOWN                                  selector=Trial.Siri.SiriTextToSpeech|com.apple.siri.tts.voice.en_US.aaron.neural.premium-en_US-iPhone|1288.0.0.11.896,0
time=2023-02-17_22:21:34 op=MOD_CLIENT_LOCK_INHIBITED   client=com.apple.triald         count=0005 asset=UNKNOWN                                  selector=Trial.Siri.SiriTextToSpeech|com.apple.siri.tts.voice.en_US.aaron.neural.premium-en_US-iPhone|1288.0.0.11.896,0
time=2023-02-17_22:21:34 op=MOD_CLIENT_LOCK_INHIBITED   client=com.apple.triald         count=0006 asset=UNKNOWN                                  selector=Trial.Siri.SiriTextToSpeech|com.apple.siri.tts.catalog.voice-generic-generic|112.0.0.11.1613,0
time=2023-02-17_22:21:34 op=MOD_CLIENT_LOCK_INHIBITED   client=com.apple.triald         count=0005 asset=UNKNOWN                                  selector=Trial.Siri.SiriTextToSpeech|com.apple.siri.tts.catalog.voice-generic-generic|112.0.0.11.1613,0
time=2023-02-17_22:21:34 op=MOD_CLIENT_LOCK_INHIBITED   client=com.apple.triald         count=0002 asset=79b59fb9d6ad1512d483281477b588deebba1ae0 selector=Trial.Siri.SiriTextToSpeech|com.apple.siri.tts.catalog.resource-generic-generic|115.0.0.11.2071,0
time=2023-02-17_22:21:34 op=MOD_CLIENT_LOCK_INHIBITED   client=com.apple.triald         count=0001 asset=79b59fb9d6ad1512d483281477b588deebba1ae0 selector=Trial.Siri.SiriTextToSpeech|com.apple.siri.tts.catalog.resource-generic-generic|115.0.0.11.2071,0
time=2023-02-17_22:21:34 op=MOD_CLIENT_LOCK_INHIBITED   client=com.apple.triald         count=0006 asset=70b0ca2e97d6bfd04b92b524463071852a62a8d5 selector=Trial.Siri.SiriTextToSpeech|com.apple.siri.tts.resource.en_GB-en_GB-generic|350.0.0.11.884,0
time=2023-02-17_22:21:34 op=MOD_CLIENT_LOCK_INHIBITED   client=com.apple.triald         count=0005 asset=70b0ca2e97d6bfd04b92b524463071852a62a8d5 selector=Trial.Siri.SiriTextToSpeech|com.apple.siri.tts.resource.en_GB-en_GB-generic|350.0.0.11.884,0
time=2023-02-17_22:21:34 op=MOD_CLIENT_LOCK_INHIBITED   client=com.apple.triald         count=0004 asset=3eb1d4bbf919eb73e86502f32ea883d47ce4f60f selector=Trial.Siri.SiriTextToSpeech|com.apple.siri.tts.resource.en_US-en_US-generic|381.0.0.11.2003,0
time=2023-02-17_22:21:34 op=MOD_CLIENT_LOCK_INHIBITED   client=com.apple.triald         count=0003 asset=3eb1d4bbf919eb73e86502f32ea883d47ce4f60f selector=Trial.Siri.SiriTextToSpeech|com.apple.siri.tts.resource.en_US-en_US-generic|381.0.0.11.2003,0
time=2023-02-17_22:21:34 op=MOD_CLIENT_LOCK_INHIBITED   client=com.apple.triald         count=0006 asset=4d9f8d17181ac2182d5c21096f2a594a89102231 selector=Trial.Siri.SiriTextToSpeech|com.apple.siri.tts.voice.en_GB.martha.neural.premium-en_GB-iPhone|1144.0.0.11.712,0
time=2023-02-17_22:21:34 op=MOD_CLIENT_LOCK_INHIBITED   client=com.apple.triald         count=0006 asset=UNKNOWN                                  selector=Trial.Siri.SiriTextToSpeech|com.apple.siri.tts.voice.en_US.aaron.neural.premium-en_US-iPhone|1288.0.0.11.896,0
time=2023-02-17_22:21:34 op=MOD_CLIENT_LOCK_INHIBITED   client=com.apple.triald         count=0006 asset=UNKNOWN                                  selector=Trial.Siri.SiriTextToSpeech|com.apple.siri.tts.catalog.voice-generic-generic|112.0.0.11.1613,0
time=2023-02-17_22:21:34 op=MOD_CLIENT_LOCK_INHIBITED   client=com.apple.triald         count=0002 asset=79b59fb9d6ad1512d483281477b588deebba1ae0 selector=Trial.Siri.SiriTextToSpeech|com.apple.siri.tts.catalog.resource-generic-generic|115.0.0.11.2071,0
time=2023-02-17_22:21:35 op=MOD_CLIENT_LOCK_INHIBITED   client=com.apple.triald         count=0006 asset=70b0ca2e97d6bfd04b92b524463071852a62a8d5 selector=Trial.Siri.SiriTextToSpeech|com.apple.siri.tts.resource.en_GB-en_GB-generic|350.0.0.11.884,0
time=2023-02-17_22:21:35 op=MOD_CLIENT_LOCK_INHIBITED   client=com.apple.triald         count=0004 asset=3eb1d4bbf919eb73e86502f32ea883d47ce4f60f selector=Trial.Siri.SiriTextToSpeech|com.apple.siri.tts.resource.en_US-en_US-generic|381.0.0.11.2003,0
time=2023-02-18_12:16:04 op=DEL_CLIENT_UNLOCK_INHIBITED layer=LOCKER                    count=0002 asset=56171ee501f82f12e6e4b3b595a43be4f589eec2 selector=Trial.Siri.SiriTextToSpeech|com.apple.siri.tts.catalog.resource-generic-generic|112.0.0.11.2003,0
time=2023-02-19_13:23:22 op=MOD_CLIENT_LOCK_INHIBITED   client=com.apple.triald         count=0003 asset=UNKNOWN                                  selector=Trial.Siri.SiriUnderstandingAsrAssistant|com.apple.siri.asr.geolm.regionMapping.fr_FR-fr_FR-generic|3100.1200.111.11.1872,0
time=2023-02-19_13:23:22 op=MOD_CLIENT_LOCK_INHIBITED   client=com.apple.triald         count=0003 asset=UNKNOWN                                  selector=Trial.Siri.SiriUnderstandingAsrAssistant|com.apple.siri.asr.geolm.regionMapping.es_MX-es_MX-generic|3100.1001.108.11.634,0
time=2023-02-19_13:23:22 op=MOD_CLIENT_LOCK_INHIBITED   client=com.apple.triald         count=0003 asset=UNKNOWN                                  selector=Trial.Siri.SiriUnderstandingAsrAssistant|com.apple.siri.asr.geolm.regionMapping.zh_CN-zh_CN-generic|3100.1200.113.11.1872,0
time=2023-02-19_13:23:22 op=MOD_CLIENT_LOCK_INHIBITED   client=com.apple.triald         count=0003 asset=UNKNOWN                                  selector=Trial.Siri.SiriUnderstandingAsrAssistant|com.apple.siri.asr.geolm.regionMapping.de_DE-de_DE-generic|3100.1200.108.11.1850,0
time=2023-02-19_13:23:22 op=MOD_CLIENT_LOCK_INHIBITED   client=com.apple.triald         count=0003 asset=UNKNOWN                                  selector=Trial.Siri.SiriUnderstandingAsrAssistant|com.apple.siri.asr.geolm.regionMapping.en_IN-en_IN-generic|3100.1200.121.11.2014,0
time=2023-02-19_13:23:22 op=MOD_CLIENT_LOCK_INHIBITED   client=com.apple.triald         count=0003 asset=UNKNOWN                                  selector=Trial.Siri.SiriUnderstandingAsrAssistant|com.apple.siri.asr.geolm.regionMapping.en_CA-en_CA-generic|3100.1000.110.11.554,0
time=2023-02-19_13:23:23 op=MOD_CLIENT_LOCK_INHIBITED   client=com.apple.triald         count=0003 asset=UNKNOWN                                  selector=Trial.Siri.SiriUnderstandingAsrAssistant|com.apple.siri.asr.geolm.regionMapping.zh_HK-zh_HK-generic|3100.1200.111.11.1847,0
time=2023-02-19_13:23:23 op=MOD_CLIENT_LOCK_INHIBITED   client=com.apple.triald         count=0003 asset=UNKNOWN                                  selector=Trial.Siri.SiriUnderstandingAsrAssistant|com.apple.siri.asr.geolm.regionMapping.en_GB-en_GB-generic|3100.1200.113.11.1845,0
time=2023-02-19_13:23:23 op=MOD_CLIENT_LOCK_INHIBITED   client=com.apple.triald         count=0003 asset=UNKNOWN                                  selector=Trial.Siri.SiriUnderstandingAsrAssistant|com.apple.siri.asr.geolm.regionMapping.en_US-en_US-generic|3100.1200.127.11.1897,0
time=2023-02-19_13:23:23 op=MOD_CLIENT_LOCK_INHIBITED   client=com.apple.triald         count=0003 asset=UNKNOWN                                  selector=Trial.Siri.SiriUnderstandingAsrAssistant|com.apple.siri.asr.geolm.regionMapping.es_ES-es_ES-generic|3100.1100.106.11.945,0
time=2023-02-19_13:23:24 op=MOD_CLIENT_LOCK_INHIBITED   client=com.apple.triald         count=0003 asset=UNKNOWN                                  selector=Trial.Siri.SiriUnderstandingAsrAssistant|com.apple.siri.asr.geolm.regionMapping.ja_JP-ja_JP-generic|3100.1200.119.11.1848,0
time=2023-02-19_13:23:24 op=MOD_CLIENT_LOCK_INHIBITED   client=com.apple.triald         count=0003 asset=UNKNOWN                                  selector=Trial.Siri.SiriUnderstandingAsrAssistant|com.apple.siri.asr.geolm.regionMapping.en_AU-en_AU-generic|3100.1200.120.11.1866,0
time=2023-02-19_13:23:24 op=MOD_CLIENT_LOCK_INHIBITED   client=com.apple.triald         count=0003 asset=UNKNOWN                                  selector=Trial.Siri.SiriUnderstandingAsrAssistant|com.apple.siri.asr.assistant.en_US-en_US-generic|3100.1200.127.11.1897,0
time=2023-02-19_13:23:24 op=MOD_CLIENT_LOCK_INHIBITED   client=com.apple.triald         count=0003 asset=UNKNOWN                                  selector=Trial.Siri.SiriUnderstandingAsrAssistant|com.apple.siri.asr.geolm.regionMapping.es_US-es_US-generic|3100.1200.109.11.1872,0
