time=2023-02-19_13:23:24 op=NEW                        
time=2023-02-19_13:23:24 op=MOD_CLIENT_LOCK_INHIBITED   client=com.apple.triald         count=0003 asset=UNKNOWN                                  selector=Trial.Siri.SiriUnderstandingAsrAssistant|com.apple.siri.asr.dictation.audio.sampling-generic-generic|3100.1000.103.11.549,0
time=2023-02-19_13:23:24 op=MOD_CLIENT_LOCK_INHIBITED   client=com.apple.triald         count=0002 asset=UNKNOWN                                  selector=Trial.Siri.SiriUnderstandingAsrAssistant|com.apple.siri.asr.geolm.regionMapping.es_ES-es_ES-generic|3100.1100.106.11.945,0
time=2023-02-19_13:23:24 op=MOD_CLIENT_LOCK_INHIBITED   client=com.apple.triald         count=0002 asset=UNKNOWN                                  selector=Trial.Siri.SiriUnderstandingAsrAssistant|com.apple.siri.asr.geolm.regionMapping.zh_HK-zh_HK-generic|3100.1200.111.11.1847,0
time=2023-02-19_13:23:24 op=MOD_CLIENT_LOCK_INHIBITED   client=com.apple.triald         count=0002 asset=UNKNOWN                                  selector=Trial.Siri.SiriUnderstandingAsrAssistant|com.apple.siri.asr.geolm.regionMapping.en_CA-en_CA-generic|3100.1000.110.11.554,0
time=2023-02-19_13:23:24 op=MOD_CLIENT_LOCK_INHIBITED   client=com.apple.triald         count=0002 asset=UNKNOWN                                  selector=Trial.Siri.SiriUnderstandingAsrAssistant|com.apple.siri.asr.geolm.regionMapping.zh_CN-zh_CN-generic|3100.1200.113.11.1872,0
time=2023-02-19_13:23:24 op=MOD_CLIENT_LOCK_INHIBITED   client=com.apple.triald         count=0002 asset=UNKNOWN                                  selector=Trial.Siri.SiriUnderstandingAsrAssistant|com.apple.siri.asr.geolm.regionMapping.es_MX-es_MX-generic|3100.1001.108.11.634,0
time=2023-02-19_13:23:25 op=MOD_CLIENT_LOCK_INHIBITED   client=com.apple.triald         count=0002 asset=UNKNOWN                                  selector=Trial.Siri.SiriUnderstandingAsrAssistant|com.apple.siri.asr.geolm.regionMapping.es_US-es_US-generic|3100.1200.109.11.1872,0
time=2023-02-19_13:23:25 op=MOD_CLIENT_LOCK_INHIBITED   client=com.apple.triald         count=0002 asset=UNKNOWN                                  selector=Trial.Siri.SiriUnderstandingAsrAssistant|com.apple.siri.asr.geolm.regionMapping.en_IN-en_IN-generic|3100.1200.121.11.2014,0
time=2023-02-19_13:23:25 op=MOD_CLIENT_LOCK_INHIBITED   client=com.apple.triald         count=0002 asset=UNKNOWN                                  selector=Trial.Siri.SiriUnderstandingAsrAssistant|com.apple.siri.asr.dictation.audio.sampling-generic-generic|3100.1000.103.11.549,0
time=2023-02-19_13:23:25 op=MOD_CLIENT_LOCK_INHIBITED   client=com.apple.triald         count=0002 asset=UNKNOWN                                  selector=Trial.Siri.SiriUnderstandingAsrAssistant|com.apple.siri.asr.geolm.regionMapping.en_US-en_US-generic|3100.1200.127.11.1897,0
time=2023-02-19_13:23:25 op=MOD_CLIENT_LOCK_INHIBITED   client=com.apple.triald         count=0002 asset=UNKNOWN                                  selector=Trial.Siri.SiriUnderstandingAsrAssistant|com.apple.siri.asr.geolm.regionMapping.ja_JP-ja_JP-generic|3100.1200.119.11.1848,0
time=2023-02-19_13:23:25 op=MOD_CLIENT_LOCK_INHIBITED   client=com.apple.triald         count=0002 asset=UNKNOWN                                  selector=Trial.Siri.SiriUnderstandingAsrAssistant|com.apple.siri.asr.geolm.regionMapping.en_GB-en_GB-generic|3100.1200.113.11.1845,0
time=2023-02-19_13:23:25 op=MOD_CLIENT_LOCK_INHIBITED   client=com.apple.triald         count=0002 asset=UNKNOWN                                  selector=Trial.Siri.SiriUnderstandingAsrAssistant|com.apple.siri.asr.geolm.regionMapping.en_AU-en_AU-generic|3100.1200.120.11.1866,0
time=2023-02-19_13:23:25 op=MOD_CLIENT_LOCK_INHIBITED   client=com.apple.triald         count=0002 asset=UNKNOWN                                  selector=Trial.Siri.SiriUnderstandingAsrAssistant|com.apple.siri.asr.geolm.regionMapping.de_DE-de_DE-generic|3100.1200.108.11.1850,0
time=2023-02-19_13:23:25 op=MOD_CLIENT_LOCK_INHIBITED   client=com.apple.triald         count=0002 asset=UNKNOWN                                  selector=Trial.Siri.SiriUnderstandingAsrAssistant|com.apple.siri.asr.assistant.en_US-en_US-generic|3100.1200.127.11.1897,0
time=2023-02-19_13:23:25 op=MOD_CLIENT_LOCK_INHIBITED   client=com.apple.triald         count=0002 asset=UNKNOWN                                  selector=Trial.Siri.SiriUnderstandingAsrAssistant|com.apple.siri.asr.geolm.regionMapping.fr_FR-fr_FR-generic|3100.1200.111.11.1872,0
time=2023-02-19_13:23:25 op=MOD_CLIENT_LOCK_INHIBITED   client=com.apple.triald         count=0003 asset=UNKNOWN                                  selector=Trial.Siri.SiriUnderstandingAsrAssistant|com.apple.siri.asr.assistant.en_US-en_US-generic|3100.1200.127.11.1897,0
time=2023-02-19_13:23:25 op=MOD_CLIENT_LOCK_INHIBITED   client=com.apple.triald         count=0002 asset=UNKNOWN                                  selector=Trial.Siri.SiriUnderstandingAsrAssistant|com.apple.siri.asr.assistant.en_US-en_US-generic|3100.1200.127.11.1897,0
time=2023-02-19_13:23:25 op=MOD_CLIENT_LOCK_INHIBITED   client=com.apple.triald         count=0003 asset=UNKNOWN                                  selector=Trial.Siri.SiriUnderstandingAsrAssistant|com.apple.siri.asr.assistant.en_US-en_US-generic|3100.1200.127.11.1897,0
time=2023-02-19_13:23:25 op=MOD_CLIENT_LOCK_INHIBITED   client=com.apple.triald         count=0004 asset=UNKNOWN                                  selector=Trial.Siri.SiriUnderstandingAsrAssistant|com.apple.siri.asr.assistant.en_US-en_US-generic|3100.1200.127.11.1897,0
time=2023-02-20_16:06:56 op=DEL_CLIENT_UNLOCK_INHIBITED layer=LOCKER                    count=0006 asset=UNKNOWN                                  selector=Trial.Siri.SiriTextToSpeech|com.apple.siri.tts.voice.en_US.aaron.neural.premium-en_US-iPhone|1288.0.0.11.896,0
